This is pdfTeX, Version 3.14159265-2.6-1.40.16 (TeX Live 2015) (preloaded format=pdflatex 2016.2.27)  2 OCT 2017 18:16
entering extended mode
 restricted \write18 enabled.
 file:line:error style messages enabled.
 %&-line parsing enabled.
**chen_thesis_proposal.tex
(./chen_thesis_proposal.tex
LaTeX2e <2015/01/01>
Babel <3.9l> and hyphenation patterns for 21 languages loaded.
(./cmuthesis.cls (/usr/local/texlive/2015basic/texmf-dist/tex/latex/base/book.cls
Document Class: book 2014/09/29 v1.4h Standard LaTeX document class
(/usr/local/texlive/2015basic/texmf-dist/tex/latex/base/bk12.clo
File: bk12.clo 2014/09/29 v1.4h Standard LaTeX file (size option)
)
\c@part=\count79
\c@chapter=\count80
\c@section=\count81
\c@subsection=\count82
\c@subsubsection=\count83
\c@paragraph=\count84
\c@subparagraph=\count85
\c@figure=\count86
\c@table=\count87
\abovecaptionskip=\skip41
\belowcaptionskip=\skip42
\bibindent=\dimen102
)
\@copyrightbox=\box26
\@measbox=\box27
 (/usr/local/texlive/2015basic/texmf-dist/tex/latex/graphics/graphicx.sty
Package: graphicx 2014/10/28 v1.0g Enhanced LaTeX Graphics (DPC,SPQR)
 (/usr/local/texlive/2015basic/texmf-dist/tex/latex/graphics/keyval.sty
Package: keyval 2014/10/28 v1.15 key=value parser (DPC)
\KV@toks@=\toks14
) (/usr/local/texlive/2015basic/texmf-dist/tex/latex/graphics/graphics.sty
Package: graphics 2014/10/28 v1.0p Standard LaTeX Graphics (DPC,SPQR)
 (/usr/local/texlive/2015basic/texmf-dist/tex/latex/graphics/trig.sty
Package: trig 1999/03/16 v1.09 sin cos tan (DPC)
) (/usr/local/texlive/2015basic/texmf-dist/tex/latex/latexconfig/graphics.cfg
File: graphics.cfg 2010/04/23 v1.9 graphics configuration of TeX Live
)
Package graphics Info: Driver file: pdftex.def on input line 94.
 (/usr/local/texlive/2015basic/texmf-dist/tex/latex/pdftex-def/pdftex.def
File: pdftex.def 2011/05/27 v0.06d Graphics/color for pdfTeX
 (/usr/local/texlive/2015basic/texmf-dist/tex/generic/oberdiek/infwarerr.sty
Package: infwarerr 2010/04/08 v1.3 Providing info/warning/error messages (HO)
) (/usr/local/texlive/2015basic/texmf-dist/tex/generic/oberdiek/ltxcmds.sty
Package: ltxcmds 2011/11/09 v1.22 LaTeX kernel commands for general use (HO)
)
\Gread@gobject=\count88
))
\Gin@req@height=\dimen103
\Gin@req@width=\dimen104
) (/usr/local/texlive/2015basic/texmf-dist/tex/latex/eso-pic/eso-pic.sty
Package: eso-pic 2015/04/20 v2.0e eso-pic (RN)
 (/usr/local/texlive/2015basic/texmf-dist/tex/generic/oberdiek/atbegshi.sty
Package: atbegshi 2011/10/05 v1.16 At begin shipout hook (HO)
 (/usr/local/texlive/2015basic/texmf-dist/tex/generic/oberdiek/ifpdf.sty
Package: ifpdf 2011/01/30 v2.3 Provides the ifpdf switch (HO)
Package ifpdf Info: pdfTeX in PDF mode is detected.
)) (/usr/local/texlive/2015basic/texmf-dist/tex/latex/xcolor/xcolor.sty
Package: xcolor 2007/01/21 v2.11 LaTeX color extensions (UK)
 (/usr/local/texlive/2015basic/texmf-dist/tex/latex/latexconfig/color.cfg
File: color.cfg 2007/01/18 v1.5 color configuration of teTeX/TeXLive
)
Package xcolor Info: Driver file: pdftex.def on input line 225.
Package xcolor Info: Model `cmy' substituted by `cmy0' on input line 1337.
Package xcolor Info: Model `hsb' substituted by `rgb' on input line 1341.
Package xcolor Info: Model `RGB' extended on input line 1353.
Package xcolor Info: Model `HTML' substituted by `rgb' on input line 1355.
Package xcolor Info: Model `Hsb' substituted by `hsb' on input line 1356.
Package xcolor Info: Model `tHsb' substituted by `hsb' on input line 1357.
Package xcolor Info: Model `HSB' substituted by `hsb' on input line 1358.
Package xcolor Info: Model `Gray' substituted by `gray' on input line 1359.
Package xcolor Info: Model `wave' substituted by `hsb' on input line 1360.
))) (/usr/local/texlive/2015basic/texmf-dist/tex/latex/psnfss/times.sty
Package: times 2005/04/12 PSNFSS-v9.2a (SPQR) 
) (/usr/local/texlive/2015basic/texmf-dist/tex/latex/fullpage/fullpage.sty
Using full size pages: 'fullpage' documentstyle option
) (/usr/local/texlive/2015basic/texmf-dist/tex/latex/amsmath/amsmath.sty
Package: amsmath 2013/01/14 v2.14 AMS math features
\@mathmargin=\skip43

For additional information on amsmath, use the `?' option.
(/usr/local/texlive/2015basic/texmf-dist/tex/latex/amsmath/amstext.sty
Package: amstext 2000/06/29 v2.01
 (/usr/local/texlive/2015basic/texmf-dist/tex/latex/amsmath/amsgen.sty
File: amsgen.sty 1999/11/30 v2.0
\@emptytoks=\toks15
\ex@=\dimen105
)) (/usr/local/texlive/2015basic/texmf-dist/tex/latex/amsmath/amsbsy.sty
Package: amsbsy 1999/11/29 v1.2d
\pmbraise@=\dimen106
) (/usr/local/texlive/2015basic/texmf-dist/tex/latex/amsmath/amsopn.sty
Package: amsopn 1999/12/14 v2.01 operator names
)
\inf@bad=\count89
LaTeX Info: Redefining \frac on input line 210.
\uproot@=\count90
\leftroot@=\count91
LaTeX Info: Redefining \overline on input line 306.
\classnum@=\count92
\DOTSCASE@=\count93
LaTeX Info: Redefining \ldots on input line 378.
LaTeX Info: Redefining \dots on input line 381.
LaTeX Info: Redefining \cdots on input line 466.
\Mathstrutbox@=\box28
\strutbox@=\box29
\big@size=\dimen107
LaTeX Font Info:    Redeclaring font encoding OML on input line 566.
LaTeX Font Info:    Redeclaring font encoding OMS on input line 567.
\macc@depth=\count94
\c@MaxMatrixCols=\count95
\dotsspace@=\muskip10
\c@parentequation=\count96
\dspbrk@lvl=\count97
\tag@help=\toks16
\row@=\count98
\column@=\count99
\maxfields@=\count100
\andhelp@=\toks17
\eqnshift@=\dimen108
\alignsep@=\dimen109
\tagshift@=\dimen110
\tagwidth@=\dimen111
\totwidth@=\dimen112
\lineht@=\dimen113
\@envbody=\toks18
\multlinegap=\skip44
\multlinetaggap=\skip45
\mathdisplay@stack=\toks19
LaTeX Info: Redefining \[ on input line 2665.
LaTeX Info: Redefining \] on input line 2666.
) (/usr/local/texlive/2015basic/texmf-dist/tex/latex/tools/array.sty
Package: array 2014/10/28 v2.4c Tabular extension package (FMi)
\col@sep=\dimen114
\extrarowheight=\dimen115
\NC@list=\toks20
\extratabsurround=\skip46
\backup@length=\skip47
) (/usr/local/texlive/2015basic/texmf-dist/tex/latex/psnfss/mathptmx.sty
Package: mathptmx 2005/04/12 PSNFSS-v9.2a Times w/ Math, improved (SPQR, WaS) 
LaTeX Font Info:    Redeclaring symbol font `operators' on input line 28.
LaTeX Font Info:    Overwriting symbol font `operators' in version `normal'
(Font)                  OT1/cmr/m/n --> OT1/ztmcm/m/n on input line 28.
LaTeX Font Info:    Overwriting symbol font `operators' in version `bold'
(Font)                  OT1/cmr/bx/n --> OT1/ztmcm/m/n on input line 28.
LaTeX Font Info:    Redeclaring symbol font `letters' on input line 29.
LaTeX Font Info:    Overwriting symbol font `letters' in version `normal'
(Font)                  OML/cmm/m/it --> OML/ztmcm/m/it on input line 29.
LaTeX Font Info:    Overwriting symbol font `letters' in version `bold'
(Font)                  OML/cmm/b/it --> OML/ztmcm/m/it on input line 29.
LaTeX Font Info:    Redeclaring symbol font `symbols' on input line 30.
LaTeX Font Info:    Overwriting symbol font `symbols' in version `normal'
(Font)                  OMS/cmsy/m/n --> OMS/ztmcm/m/n on input line 30.
LaTeX Font Info:    Overwriting symbol font `symbols' in version `bold'
(Font)                  OMS/cmsy/b/n --> OMS/ztmcm/m/n on input line 30.
LaTeX Font Info:    Redeclaring symbol font `largesymbols' on input line 31.
LaTeX Font Info:    Overwriting symbol font `largesymbols' in version `normal'
(Font)                  OMX/cmex/m/n --> OMX/ztmcm/m/n on input line 31.
LaTeX Font Info:    Overwriting symbol font `largesymbols' in version `bold'
(Font)                  OMX/cmex/m/n --> OMX/ztmcm/m/n on input line 31.
\symbold=\mathgroup4
\symitalic=\mathgroup5
LaTeX Font Info:    Redeclaring math alphabet \mathbf on input line 34.
LaTeX Font Info:    Overwriting math alphabet `\mathbf' in version `normal'
(Font)                  OT1/cmr/bx/n --> OT1/ptm/bx/n on input line 34.
LaTeX Font Info:    Overwriting math alphabet `\mathbf' in version `bold'
(Font)                  OT1/cmr/bx/n --> OT1/ptm/bx/n on input line 34.
LaTeX Font Info:    Redeclaring math alphabet \mathit on input line 35.
LaTeX Font Info:    Overwriting math alphabet `\mathit' in version `normal'
(Font)                  OT1/cmr/m/it --> OT1/ptm/m/it on input line 35.
LaTeX Font Info:    Overwriting math alphabet `\mathit' in version `bold'
(Font)                  OT1/cmr/bx/it --> OT1/ptm/m/it on input line 35.
LaTeX Info: Redefining \hbar on input line 50.
) (/usr/local/texlive/2015basic/texmf-dist/tex/latex/natbib/natbib.sty
Package: natbib 2010/09/13 8.31b (PWD, AO)
\bibhang=\skip48
\bibsep=\skip49
LaTeX Info: Redefining \cite on input line 694.
\c@NAT@ctr=\count101
) (/usr/local/texlive/2015basic/texmf-dist/tex/latex/hyperref/hyperref.sty
Package: hyperref 2012/11/06 v6.83m Hypertext links for LaTeX
 (/usr/local/texlive/2015basic/texmf-dist/tex/generic/oberdiek/hobsub-hyperref.sty
Package: hobsub-hyperref 2012/05/28 v1.13 Bundle oberdiek, subset hyperref (HO)
 (/usr/local/texlive/2015basic/texmf-dist/tex/generic/oberdiek/hobsub-generic.sty
Package: hobsub-generic 2012/05/28 v1.13 Bundle oberdiek, subset generic (HO)
Package: hobsub 2012/05/28 v1.13 Construct package bundles (HO)
Package hobsub Info: Skipping package `infwarerr' (already loaded).
Package hobsub Info: Skipping package `ltxcmds' (already loaded).
Package: ifluatex 2010/03/01 v1.3 Provides the ifluatex switch (HO)
Package ifluatex Info: LuaTeX not detected.
Package: ifvtex 2010/03/01 v1.5 Detect VTeX and its facilities (HO)
Package ifvtex Info: VTeX not detected.
Package: intcalc 2007/09/27 v1.1 Expandable calculations with integers (HO)
Package hobsub Info: Skipping package `ifpdf' (already loaded).
Package: etexcmds 2011/02/16 v1.5 Avoid name clashes with e-TeX commands (HO)
Package etexcmds Info: Could not find \expanded.
(etexcmds)             That can mean that you are not using pdfTeX 1.50 or
(etexcmds)             that some package has redefined \expanded.
(etexcmds)             In the latter case, load this package earlier.
Package: kvsetkeys 2012/04/25 v1.16 Key value parser (HO)
Package: kvdefinekeys 2011/04/07 v1.3 Define keys (HO)
Package: pdftexcmds 2011/11/29 v0.20 Utility functions of pdfTeX for LuaTeX (HO)
Package pdftexcmds Info: LuaTeX not detected.
Package pdftexcmds Info: \pdf@primitive is available.
Package pdftexcmds Info: \pdf@ifprimitive is available.
Package pdftexcmds Info: \pdfdraftmode found.
Package: pdfescape 2011/11/25 v1.13 Implements pdfTeX's escape features (HO)
Package: bigintcalc 2012/04/08 v1.3 Expandable calculations on big integers (HO)
Package: bitset 2011/01/30 v1.1 Handle bit-vector datatype (HO)
Package: uniquecounter 2011/01/30 v1.2 Provide unlimited unique counter (HO)
)
Package hobsub Info: Skipping package `hobsub' (already loaded).
Package: letltxmacro 2010/09/02 v1.4 Let assignment for LaTeX macros (HO)
Package: hopatch 2012/05/28 v1.2 Wrapper for package hooks (HO)
Package: xcolor-patch 2011/01/30 xcolor patch
Package: atveryend 2011/06/30 v1.8 Hooks at the very end of document (HO)
Package atveryend Info: \enddocument detected (standard20110627).
Package hobsub Info: Skipping package `atbegshi' (already loaded).
Package: refcount 2011/10/16 v3.4 Data extraction from label references (HO)
Package: hycolor 2011/01/30 v1.7 Color options for hyperref/bookmark (HO)
) (/usr/local/texlive/2015basic/texmf-dist/tex/generic/ifxetex/ifxetex.sty
Package: ifxetex 2010/09/12 v0.6 Provides ifxetex conditional
) (/usr/local/texlive/2015basic/texmf-dist/tex/latex/oberdiek/auxhook.sty
Package: auxhook 2011/03/04 v1.3 Hooks for auxiliary files (HO)
) (/usr/local/texlive/2015basic/texmf-dist/tex/latex/oberdiek/kvoptions.sty
Package: kvoptions 2011/06/30 v3.11 Key value format for package options (HO)
)
\@linkdim=\dimen116
\Hy@linkcounter=\count102
\Hy@pagecounter=\count103
 (/usr/local/texlive/2015basic/texmf-dist/tex/latex/hyperref/pd1enc.def
File: pd1enc.def 2012/11/06 v6.83m Hyperref: PDFDocEncoding definition (HO)
)
\Hy@SavedSpaceFactor=\count104
 (/usr/local/texlive/2015basic/texmf-dist/tex/latex/latexconfig/hyperref.cfg
File: hyperref.cfg 2002/06/06 v1.2 hyperref configuration of TeXLive
)
Package hyperref Info: Option `pageanchor' set `true' on input line 4319.
Package hyperref Info: Option `plainpages' set `false' on input line 4319.
Package hyperref Info: Option `pdfpagelabels' set `true' on input line 4319.
Package hyperref Info: Option `bookmarks' set `true' on input line 4319.
Package hyperref Info: Option `bookmarksnumbered' set `true' on input line 4319.
Package hyperref Info: Hyper figures OFF on input line 4443.
Package hyperref Info: Link nesting OFF on input line 4448.
Package hyperref Info: Hyper index ON on input line 4451.
Package hyperref Info: Plain pages OFF on input line 4458.
Package hyperref Info: Backreferencing ON on input line 4461.
Package hyperref Info: Implicit mode ON; LaTeX internals redefined.
Package hyperref Info: Bookmarks ON on input line 4688.
 (/usr/local/texlive/2015basic/texmf-dist/tex/latex/hyperref/backref.sty
Package: backref 2012/07/25 v1.38 Bibliographical back referencing
 (/usr/local/texlive/2015basic/texmf-dist/tex/latex/oberdiek/rerunfilecheck.sty
Package: rerunfilecheck 2011/04/15 v1.7 Rerun checks for auxiliary files (HO)
Package uniquecounter Info: New unique counter `rerunfilecheck' on input line 282.
))
\c@Hy@tempcnt=\count105
 (/usr/local/texlive/2015basic/texmf-dist/tex/latex/url/url.sty
\Urlmuskip=\muskip11
Package: url 2013/09/16  ver 3.4  Verb mode for urls, etc.
)
LaTeX Info: Redefining \url on input line 5041.
\XeTeXLinkMargin=\dimen117
\Fld@menulength=\count106
\Field@Width=\dimen118
\Fld@charsize=\dimen119
Package hyperref Info: Hyper figures OFF on input line 6295.
Package hyperref Info: Link nesting OFF on input line 6300.
Package hyperref Info: Hyper index ON on input line 6303.
Package hyperref Info: backreferencing ON on input line 6308.
Package hyperref Info: Link coloring OFF on input line 6315.
Package hyperref Info: Link coloring with OCG OFF on input line 6320.
Package hyperref Info: PDF/A mode OFF on input line 6325.
LaTeX Info: Redefining \ref on input line 6365.
LaTeX Info: Redefining \pageref on input line 6369.
\Hy@abspage=\count107
\c@Item=\count108
\c@Hfootnote=\count109
)

Package hyperref Message: Driver (autodetected): hpdftex.

(/usr/local/texlive/2015basic/texmf-dist/tex/latex/hyperref/hpdftex.def
File: hpdftex.def 2012/11/06 v6.83m Hyperref driver for pdfTeX
\Fld@listcount=\count110
\c@bookmark@seq@number=\count111
\Hy@SectionHShift=\skip50
) (/usr/local/texlive/2015basic/texmf-dist/tex/latex/subfigure/subfigure.sty
Package: subfigure 2002/03/15 v2.1.5 subfigure package
\subfigtopskip=\skip51
\subfigcapskip=\skip52
\subfigcaptopadj=\dimen120
\subfigbottomskip=\skip53
\subfigcapmargin=\dimen121
\subfiglabelskip=\skip54
\c@subfigure=\count112
\c@lofdepth=\count113
\c@subtable=\count114
\c@lotdepth=\count115

****************************************
* Local config file subfigure.cfg used *
****************************************
(/usr/local/texlive/2015basic/texmf-dist/tex/latex/subfigure/subfigure.cfg)
\subfig@top=\skip55
\subfig@bottom=\skip56
) (/usr/local/texlive/2015basic/texmf-dist/tex/latex/geometry/geometry.sty
Package: geometry 2010/09/12 v5.6 Page Geometry
\Gm@cnth=\count116
\Gm@cntv=\count117
\c@Gm@tempcnt=\count118
\Gm@bindingoffset=\dimen122
\Gm@wd@mp=\dimen123
\Gm@odd@mp=\dimen124
\Gm@even@mp=\dimen125
\Gm@layoutwidth=\dimen126
\Gm@layoutheight=\dimen127
\Gm@layouthoffset=\dimen128
\Gm@layoutvoffset=\dimen129
\Gm@dimlist=\toks21
) (/Users/xiangchen/Dropbox/PhDThesis/proposal/.texpadtmp/chen_thesis_proposal.aux

LaTeX Warning: Label `fig:encore_eval_strap' multiply defined.


LaTeX Warning: Label `fig:fig1' multiply defined.

)
\openout1 = `chen_thesis_proposal.aux'.

LaTeX Font Info:    Checking defaults for OML/cmm/m/it on input line 55.
LaTeX Font Info:    ... okay on input line 55.
LaTeX Font Info:    Checking defaults for T1/cmr/m/n on input line 55.
LaTeX Font Info:    ... okay on input line 55.
LaTeX Font Info:    Checking defaults for OT1/cmr/m/n on input line 55.
LaTeX Font Info:    ... okay on input line 55.
LaTeX Font Info:    Checking defaults for OMS/cmsy/m/n on input line 55.
LaTeX Font Info:    ... okay on input line 55.
LaTeX Font Info:    Checking defaults for OMX/cmex/m/n on input line 55.
LaTeX Font Info:    ... okay on input line 55.
LaTeX Font Info:    Checking defaults for U/cmr/m/n on input line 55.
LaTeX Font Info:    ... okay on input line 55.
LaTeX Font Info:    Checking defaults for PD1/pdf/m/n on input line 55.
LaTeX Font Info:    ... okay on input line 55.
LaTeX Font Info:    Try loading font information for OT1+ptm on input line 55.
 (/usr/local/texlive/2015basic/texmf-dist/tex/latex/psnfss/ot1ptm.fd
File: ot1ptm.fd 2001/06/04 font definitions for OT1/ptm.
) (/usr/local/texlive/2015basic/texmf-dist/tex/context/base/supp-pdf.mkii
[Loading MPS to PDF converter (version 2006.09.02).]
\scratchcounter=\count119
\scratchdimen=\dimen130
\scratchbox=\box30
\nofMPsegments=\count120
\nofMParguments=\count121
\everyMPshowfont=\toks22
\MPscratchCnt=\count122
\MPscratchDim=\dimen131
\MPnumerator=\count123
\makeMPintoPDFobject=\count124
\everyMPtoPDFconversion=\toks23
) (/usr/local/texlive/2015basic/texmf-dist/tex/latex/oberdiek/epstopdf-base.sty
Package: epstopdf-base 2010/02/09 v2.5 Base part for package epstopdf
 (/usr/local/texlive/2015basic/texmf-dist/tex/latex/oberdiek/grfext.sty
Package: grfext 2010/08/19 v1.1 Manage graphics extensions (HO)
)
Package grfext Info: Graphics extension search list:
(grfext)             [.png,.pdf,.jpg,.mps,.jpeg,.jbig2,.jb2,.PNG,.PDF,.JPG,.JPEG,.JBIG2,.JB2,.eps]
(grfext)             \AppendGraphicsExtensions on input line 452.
 (/usr/local/texlive/2015basic/texmf-dist/tex/latex/latexconfig/epstopdf-sys.cfg
File: epstopdf-sys.cfg 2010/07/13 v1.3 Configuration of (r)epstopdf for TeX Live
))
\AtBeginShipoutBox=\box31
Package backref Info: ** backref set up for natbib ** on input line 55.
Package hyperref Info: Link coloring OFF on input line 55.
 (/usr/local/texlive/2015basic/texmf-dist/tex/latex/hyperref/nameref.sty
Package: nameref 2012/10/27 v2.43 Cross-referencing by name of section
 (/usr/local/texlive/2015basic/texmf-dist/tex/generic/oberdiek/gettitlestring.sty
Package: gettitlestring 2010/12/03 v1.4 Cleanup title references (HO)
)
\c@section@level=\count125
)
LaTeX Info: Redefining \ref on input line 55.
LaTeX Info: Redefining \pageref on input line 55.
LaTeX Info: Redefining \nameref on input line 55.
 (/Users/xiangchen/Dropbox/PhDThesis/proposal/.texpadtmp/chen_thesis_proposal.out) (/Users/xiangchen/Dropbox/PhDThesis/proposal/.texpadtmp/chen_thesis_proposal.out)
\@outlinefile=\write3
\openout3 = `chen_thesis_proposal.out'.


*geometry* driver: auto-detecting
*geometry* detected driver: pdftex
*geometry* verbose mode - [ preamble ] result:
* driver: pdftex
* paper: letterpaper
* layout: <same size as paper>
* layoutoffset:(h,v)=(0.0pt,0.0pt)
* hratio: 1:1
* modes: twoside 
* h-part:(L,W,R)=(76.78688pt, 460.72124pt, 76.78688pt)
* v-part:(T,H,B)=(63.59662pt, 635.97841pt, 95.39496pt)
* \paperwidth=614.295pt
* \paperheight=794.96999pt
* \textwidth=460.72124pt
* \textheight=635.97841pt
* \oddsidemargin=4.51689pt
* \evensidemargin=4.51689pt
* \topmargin=-40.54716pt
* \headheight=12.0pt
* \headsep=19.8738pt
* \topskip=12.0pt
* \footskip=30.0pt
* \marginparwidth=0.0pt
* \marginparsep=0.0pt
* \columnsep=10.0pt
* \skip\footins=10.8pt plus 4.0pt minus 2.0pt
* \hoffset=0.0pt
* \voffset=0.0pt
* \mag=1000
* \@twocolumnfalse
* \@twosidetrue
* \@mparswitchtrue
* \@reversemarginfalse
* (1in=72.27pt=25.4mm, 1cm=28.453pt)

\@cutoutvskip=\skip57
LaTeX Font Info:    Font shape `OT1/ptm/bx/n' in size <17.28> not available
(Font)              Font shape `OT1/ptm/b/n' tried instead on input line 85.
LaTeX Font Info:    Try loading font information for OT1+ztmcm on input line 85.
(/usr/local/texlive/2015basic/texmf-dist/tex/latex/psnfss/ot1ztmcm.fd
File: ot1ztmcm.fd 2000/01/03 Fontinst v1.801 font definitions for OT1/ztmcm.
)
LaTeX Font Info:    Try loading font information for OML+ztmcm on input line 85.
 (/usr/local/texlive/2015basic/texmf-dist/tex/latex/psnfss/omlztmcm.fd
File: omlztmcm.fd 2000/01/03 Fontinst v1.801 font definitions for OML/ztmcm.
)
LaTeX Font Info:    Try loading font information for OMS+ztmcm on input line 85.
 (/usr/local/texlive/2015basic/texmf-dist/tex/latex/psnfss/omsztmcm.fd
File: omsztmcm.fd 2000/01/03 Fontinst v1.801 font definitions for OMS/ztmcm.
)
LaTeX Font Info:    Try loading font information for OMX+ztmcm on input line 85.
 (/usr/local/texlive/2015basic/texmf-dist/tex/latex/psnfss/omxztmcm.fd
File: omxztmcm.fd 2000/01/03 Fontinst v1.801 font definitions for OMX/ztmcm.
)
LaTeX Font Info:    Font shape `OT1/ptm/bx/n' in size <14.4> not available
(Font)              Font shape `OT1/ptm/b/n' tried instead on input line 85.
LaTeX Font Info:    Font shape `OT1/ptm/bx/n' in size <10.95> not available
(Font)              Font shape `OT1/ptm/b/n' tried instead on input line 85.
LaTeX Font Info:    Font shape `OT1/ptm/bx/n' in size <8> not available
(Font)              Font shape `OT1/ptm/b/n' tried instead on input line 85.
LaTeX Font Info:    Font shape `OT1/ptm/bx/n' in size <12> not available
(Font)              Font shape `OT1/ptm/b/n' tried instead on input line 85.
LaTeX Font Info:    Try loading font information for OMS+ptm on input line 85.
 (/usr/local/texlive/2015basic/texmf-dist/tex/latex/psnfss/omsptm.fd
File: omsptm.fd 
)
LaTeX Font Info:    Font shape `OMS/ptm/m/n' in size <10.95> not available
(Font)              Font shape `OMS/cmsy/m/n' tried instead on input line 85.
LaTeX Font Info:    Font shape `OT1/ptm/bx/n' in size <9> not available
(Font)              Font shape `OT1/ptm/b/n' tried instead on input line 85.
LaTeX Font Info:    Font shape `OT1/ptm/bx/n' in size <7> not available
(Font)              Font shape `OT1/ptm/b/n' tried instead on input line 85.
 [1{/usr/local/texlive/2015basic/texmf-var/fonts/map/pdftex/updmap/pdftex.map}


] [2

] [3


] [4


] [5] [6


] [7] [8


]
LaTeX Font Info:    Font shape `OT1/ptm/bx/n' in size <24.88> not available
(Font)              Font shape `OT1/ptm/b/n' tried instead on input line 112.
 (/Users/xiangchen/Dropbox/PhDThesis/proposal/.texpadtmp/chen_thesis_proposal.toc [9] [10])
\tf@toc=\write4
\openout4 = `chen_thesis_proposal.toc'.

 [11] [12

] (/Users/xiangchen/Dropbox/PhDThesis/proposal/.texpadtmp/chen_thesis_proposal.lof
Missing character: There is no ‚ in font ptmr7t!
Missing character: There is no Ä in font ptmr7t!
Missing character: There is no ú in font ptmr7t!
Missing character: There is no ‚ in font ptmr7t!
Missing character: There is no Ä in font ptmr7t!
Missing character: There is no ù in font ptmr7t!
 [13] [14]
Overfull \hbox (2.73874pt too wide) in paragraph at lines 43--43
 [][] [][]\OT1/ptm/m/n/12 From users' sketch, Forte (right) gen-er-ates lightweight struc-tures to sup-port loads, 
 []

[15]
Overfull \hbox (19.8753pt too wide) in paragraph at lines 51--51
 [][] [][]\OT1/ptm/m/n/12 Fabricated ex-am-ples de-signed from Forte's gen-er-ated struc-tures: legs for a quadruped 
 []


Underfull \vbox (badness 1946) has occurred while \output is active []

 [16]
Overfull \hbox (6.05234pt too wide) in paragraph at lines 69--69
 [][] [][]\OT1/ptm/m/n/12 Specifying the ge-om-e-try of a DOW=2, 3 em-bed-dable by draw-ing an open freeform 
 []

)
\tf@lof=\write5
\openout5 = `chen_thesis_proposal.lof'.

 [17] [18

] (/Users/xiangchen/Dropbox/PhDThesis/proposal/.texpadtmp/chen_thesis_proposal.lot)
\tf@lot=\write6
\openout6 = `chen_thesis_proposal.lot'.

 [19] [20

] (./introduction.tex
Chapter 1.
LaTeX Font Info:    Font shape `OT1/ptm/bx/n' in size <10> not available
(Font)              Font shape `OT1/ptm/b/n' tried instead on input line 4.
LaTeX Font Info:    Font shape `OT1/ptm/bx/n' in size <7.4> not available
(Font)              Font shape `OT1/ptm/b/n' tried instead on input line 4.
LaTeX Font Info:    Font shape `OT1/ptm/bx/n' in size <6> not available
(Font)              Font shape `OT1/ptm/b/n' tried instead on input line 4.
LaTeX Font Info:    Try loading font information for OT1+pcr on input line 4.
(/usr/local/texlive/2015basic/texmf-dist/tex/latex/psnfss/ot1pcr.fd
File: ot1pcr.fd 2001/06/04 font definitions for OT1/pcr.
) [1

] [2]
Overfull \hbox (0.61214pt too wide) in paragraph at lines 30--31
\OT1/ptm/m/n/12 mak-ing such at-tach-ments that work with ex-ist-ing ob-jects. Specif-i-cally, I de-scribe Reprise---
 []

[3]) (./relatedwork.tex [4]
Chapter 2.
[5

]
Overfull \hbox (1.69133pt too wide) in paragraph at lines 13--14
[]\OT1/ptm/m/n/12 The \OT1/ptm/b/n/12 pho-topoly-mer-iza-tion \OT1/ptm/m/n/12 ap-proach, such as stere-olithog-ra-phy (SLA) [[]], uses UV-curable
 []


Overfull \hbox (142.7788pt too wide) in paragraph at lines 32--32
[][][][]$\OT1/pcr/m/n/10 https : / / www . kickstarter . com / projects / 644653534 / slash-[]the-[]next-[]level-[]of-[]affordable-[]professional-[]3d$[]| 
 []

[6] [7]
Underfull \hbox (badness 10000) in paragraph at lines 46--46
[][][][]$\OT1/pcr/m/n/10 http : / / 3dprintingindustry . com / 3d-[]printing-[]basics-[]free-[]beginners-[]guide /
 []

[8] [9] [10] [11] [12] [13] [14]) (./encore.tex [15] [16

]
Chapter 3.
<figures/encore_overview.pdf, id=1060, 733.23938pt x 411.78844pt>
File: figures/encore_overview.pdf Graphic file (type pdf)
 <use figures/encore_overview.pdf>
Package pdftex.def Info: figures/encore_overview.pdf used on input line 10.
(pdftex.def)             Requested size: 368.57838pt x 206.99329pt.
 [17] <figures/encore_workflow.pdf, id=1069, 722.7pt x 82.80937pt>
File: figures/encore_workflow.pdf Graphic file (type pdf)
 <use figures/encore_workflow.pdf>
Package pdftex.def Info: figures/encore_workflow.pdf used on input line 19.
(pdftex.def)             Requested size: 460.72124pt x 52.79057pt.
Missing character: There is no ‚ in font ptmr7t!
Missing character: There is no Ñ in font ptmr7t!
Missing character: There is no ¢ in font ptmr7t!
 [18 <./figures/encore_overview.pdf> <./figures/encore_workflow.pdf>] [19] <figures/encore_techniques.pdf, id=1118, 730.22812pt x 412.54124pt>
File: figures/encore_techniques.pdf Graphic file (type pdf)
 <use figures/encore_techniques.pdf>
Package pdftex.def Info: figures/encore_techniques.pdf used on input line 45.
(pdftex.def)             Requested size: 368.57838pt x 208.22781pt.
Missing character: There is no ‚ in font ptmr7t!
Missing character: There is no Ä in font ptmr7t!
Missing character: There is no ú in font ptmr7t!
Missing character: There is no ‚ in font ptmr7t!
Missing character: There is no Ä in font ptmr7t!
Missing character: There is no ù in font ptmr7t!
Missing character: There is no ‚ in font ptmr7t!
Missing character: There is no Ä in font ptmr7t!
Missing character: There is no ú in font ptmr7t!
Missing character: There is no ‚ in font ptmr7t!
Missing character: There is no Ä in font ptmr7t!
Missing character: There is no ù in font ptmr7t!
 [20 <./figures/encore_techniques.pdf>] <figures/encore-printthru.pdf, id=1150, 560.8453pt x 155.83218pt>
File: figures/encore-printthru.pdf Graphic file (type pdf)
 <use figures/encore-printthru.pdf>
Package pdftex.def Info: figures/encore-printthru.pdf used on input line 65.
(pdftex.def)             Requested size: 368.57838pt x 102.40965pt.


LaTeX Warning: `h' float specifier changed to `ht'.

[21] [22 <./figures/encore-printthru.pdf>] <figures/encore_feedback.pdf, id=1182, 368.87813pt x 101.62968pt>
File: figures/encore_feedback.pdf Graphic file (type pdf)
 <use figures/encore_feedback.pdf>
Package pdftex.def Info: figures/encore_feedback.pdf used on input line 97.
(pdftex.def)             Requested size: 345.54092pt x 95.20004pt.
Missing character: There is no ‚ in font ptmr7t!
Missing character: There is no Ä in font ptmr7t!
Missing character: There is no ò in font ptmr7t!
Missing character: There is no ‚ in font ptmr7t!
Missing character: There is no Ä in font ptmr7t!
Missing character: There is no ò in font ptmr7t!
 [23 <./figures/encore_feedback.pdf>]
Missing character: There is no ‚ in font ptmr7t!
Missing character: There is no Ä in font ptmr7t!
Missing character: There is no ì in font ptmr7t!
 <figures/encore_interlockable.pdf, id=1221, 433.62pt x 119.69719pt>
File: figures/encore_interlockable.pdf Graphic file (type pdf)
 <use figures/encore_interlockable.pdf>
Package pdftex.def Info: figures/encore_interlockable.pdf used on input line 111.
(pdftex.def)             Requested size: 345.54092pt x 95.38893pt.
 [24 <./figures/encore_interlockable.pdf>]
Missing character: There is no ‚ in font ptmr7t!
Missing character: There is no Ä in font ptmr7t!
Missing character: There is no ò in font ptmr7t!
Missing character: There is no ‚ in font ptmr7t!
Missing character: There is no Ä in font ptmr7t!
Missing character: There is no ì in font ptmr7t!
 [25]
Missing character: There is no ‚ in font ptmr7t!
Missing character: There is no Ä in font ptmr7t!
Missing character: There is no ò in font ptmr7t!
 [26] <figures/encore_visualization.pdf, id=1278, 578.16pt x 657.95813pt>
File: figures/encore_visualization.pdf Graphic file (type pdf)
 <use figures/encore_visualization.pdf>
Package pdftex.def Info: figures/encore_visualization.pdf used on input line 168.
(pdftex.def)             Requested size: 276.43555pt x 314.58144pt.


LaTeX Warning: `h' float specifier changed to `ht'.

[27] <figures/encore_interaction.pdf, id=1292, 722.7pt x 237.88875pt>
File: figures/encore_interaction.pdf Graphic file (type pdf)
 <use figures/encore_interaction.pdf>
Package pdftex.def Info: figures/encore_interaction.pdf used on input line 183.
(pdftex.def)             Requested size: 368.57838pt x 121.32527pt.


LaTeX Warning: `h' float specifier changed to `ht'.


Underfull \vbox (badness 3049) has occurred while \output is active []

 [28 <./figures/encore_visualization.pdf>] <figures/encore_support.pdf, id=1320, 730.22812pt x 203.25937pt>
File: figures/encore_support.pdf Graphic file (type pdf)
 <use figures/encore_support.pdf>
Package pdftex.def Info: figures/encore_support.pdf used on input line 199.
(pdftex.def)             Requested size: 414.6463pt x 115.41553pt.
 [29 <./figures/encore_interaction.pdf> <./figures/encore_support.pdf

pdfTeX warning: /usr/local/texlive/2015basic/bin/x86_64-darwin/pdflatex (file ./figures/encore_support.pdf): PDF inclusion: multiple pdfs with page group included in a single page
>] [30]
Overfull \hbox (1.269pt too wide) in paragraph at lines 244--253
 [][] 
 []


Overfull \hbox (1.269pt too wide) in paragraph at lines 260--269
 [][] 
 []

[31]
Missing character: There is no ‚ in font ptmr7t!
Missing character: There is no Ä in font ptmr7t!
Missing character: There is no ú in font ptmr7t!
Missing character: There is no ‚ in font ptmr7t!
Missing character: There is no Ä in font ptmr7t!
Missing character: There is no ù in font ptmr7t!

Overfull \hbox (2.38739pt too wide) in paragraph at lines 278--279
[]\OT1/ptm/m/n/12 To bet-ter un-der-stand the trade-offs, we con-ducted an-other eval-u-a-tion to test the gen-eral strength
 []

Missing character: There is no ‚ in font ptmr7t!
Missing character: There is no Ä in font ptmr7t!
Missing character: There is no ì in font ptmr7t!
<figures/encore_eval_printover.pdf, id=1397, 429.10312pt x 72.27pt>
File: figures/encore_eval_printover.pdf Graphic file (type pdf)
 <use figures/encore_eval_printover.pdf>
Package pdftex.def Info: figures/encore_eval_printover.pdf used on input line 292.
(pdftex.def)             Requested size: 414.6463pt x 69.83603pt.


LaTeX Warning: `h' float specifier changed to `ht'.

[32] <figures/encore_evaluation_scene.pdf, id=1406, 722.7pt x 281.55188pt>
File: figures/encore_evaluation_scene.pdf Graphic file (type pdf)
 <use figures/encore_evaluation_scene.pdf>
Package pdftex.def Info: figures/encore_evaluation_scene.pdf used on input line 308.
(pdftex.def)             Requested size: 414.6463pt x 161.53877pt.
 <figures/encore_evaluation_results.pdf, id=1410, 722.7pt x 148.30406pt>
File: figures/encore_evaluation_results.pdf Graphic file (type pdf)
 <use figures/encore_evaluation_results.pdf>
Package pdftex.def Info: figures/encore_evaluation_results.pdf used on input line 316.
(pdftex.def)             Requested size: 460.72124pt x 94.54314pt.
 [33 <./figures/encore_eval_printover.pdf> <./figures/encore_evaluation_scene.pdf>]
Missing character: There is no ‚ in font ptmr7t!
Missing character: There is no Ä in font ptmr7t!
Missing character: There is no ò in font ptmr7t!
 <figures/encore_eval_strap.pdf, id=1443, 433.62pt x 72.27pt>
File: figures/encore_eval_strap.pdf Graphic file (type pdf)
 <use figures/encore_eval_strap.pdf>
Package pdftex.def Info: figures/encore_eval_strap.pdf used on input line 332.
(pdftex.def)             Requested size: 414.6463pt x 69.11153pt.


LaTeX Warning: `h' float specifier changed to `ht'.


Underfull \vbox (badness 2884) has occurred while \output is active []

 [34 <./figures/encore_evaluation_results.pdf>]
Missing character: There is no ‚ in font ptmr7t!
Missing character: There is no Ä in font ptmr7t!
Missing character: There is no ì in font ptmr7t!
 [35 <./figures/encore_eval_strap.pdf>]) (./reprise.tex [36]
Chapter 4.
[37

] <figures/reprise_scenarios_v1.pdf, id=1545, 722.7pt x 332.74312pt>
File: figures/reprise_scenarios_v1.pdf Graphic file (type pdf)
 <use figures/reprise_scenarios_v1.pdf>
Package pdftex.def Info: figures/reprise_scenarios_v1.pdf used on input line 19.
(pdftex.def)             Requested size: 460.72124pt x 212.1222pt.
 <figures/reprise_existing_adaptations.pdf, id=1547, 368.87813pt x 90.3375pt>
File: figures/reprise_existing_adaptations.pdf Graphic file (type pdf)
 <use figures/reprise_existing_adaptations.pdf>
Package pdftex.def Info: figures/reprise_existing_adaptations.pdf used on input line 27.
(pdftex.def)             Requested size: 322.50345pt x 78.98032pt.


LaTeX Warning: `!h' float specifier changed to `!ht'.

[38 <./figures/reprise_scenarios_v1.pdf>] [39 <./figures/reprise_existing_adaptations.pdf>] <figures/reprise_adaptation_design_space_v2.pdf, id=1600, 852.93657pt x 1127.71312pt>
File: figures/reprise_adaptation_design_space_v2.pdf Graphic file (type pdf)
 <use figures/reprise_adaptation_design_space_v2.pdf>
Package pdftex.def Info: figures/reprise_adaptation_design_space_v2.pdf used on input line 49.
(pdftex.def)             Requested size: 414.6463pt x 548.23077pt.
 [40] [41 <./figures/reprise_adaptation_design_space_v2.pdf>] <figures/reprise_sys_overview_v1.pdf, id=1639, 867.24pt x 107.65219pt>
File: figures/reprise_sys_overview_v1.pdf Graphic file (type pdf)
 <use figures/reprise_sys_overview_v1.pdf>
Package pdftex.def Info: figures/reprise_sys_overview_v1.pdf used on input line 78.
(pdftex.def)             Requested size: 460.72124pt x 57.19008pt.

Underfull \vbox (badness 3439) has occurred while \output is active []

 [42 <./figures/reprise_sys_overview_v1.pdf>] <figures/reprise_grasp_v1.pdf, id=1668, 361.35pt x 111.41624pt>
File: figures/reprise_grasp_v1.pdf Graphic file (type pdf)
 <use figures/reprise_grasp_v1.pdf>
Package pdftex.def Info: figures/reprise_grasp_v1.pdf used on input line 92.
(pdftex.def)             Requested size: 345.54092pt x 106.54185pt.
 <figures/reprise_pushpull_v1.pdf, id=1671, 361.35pt x 111.41624pt>
File: figures/reprise_pushpull_v1.pdf Graphic file (type pdf)
 <use figures/reprise_pushpull_v1.pdf>
Package pdftex.def Info: figures/reprise_pushpull_v1.pdf used on input line 100.
(pdftex.def)             Requested size: 345.54092pt x 106.54185pt.


LaTeX Warning: `!h' float specifier changed to `!ht'.

<figures/reprise_rotate_v2.pdf, id=1674, 361.35pt x 111.41624pt>
File: figures/reprise_rotate_v2.pdf Graphic file (type pdf)
 <use figures/reprise_rotate_v2.pdf>
Package pdftex.def Info: figures/reprise_rotate_v2.pdf used on input line 109.
(pdftex.def)             Requested size: 345.54092pt x 106.54185pt.


LaTeX Warning: `!h' float specifier changed to `!ht'.

[43 <./figures/reprise_grasp_v1.pdf>] <figures/reprise_clutch_v1.pdf, id=1694, 361.35pt x 111.41624pt>
File: figures/reprise_clutch_v1.pdf Graphic file (type pdf)
 <use figures/reprise_clutch_v1.pdf>
Package pdftex.def Info: figures/reprise_clutch_v1.pdf used on input line 119.
(pdftex.def)             Requested size: 345.54092pt x 106.54185pt.
 <figures/reprise_joinseparate_v1.pdf, id=1695, 361.35pt x 111.41624pt>
File: figures/reprise_joinseparate_v1.pdf Graphic file (type pdf)
 <use figures/reprise_joinseparate_v1.pdf>
Package pdftex.def Info: figures/reprise_joinseparate_v1.pdf used on input line 125.
(pdftex.def)             Requested size: 345.54092pt x 106.54185pt.
 [44 <./figures/reprise_pushpull_v1.pdf> <./figures/reprise_rotate_v2.pdf>] <figures/reprise_wrapper_v1.pdf, id=1725, 361.35pt x 112.16907pt>
File: figures/reprise_wrapper_v1.pdf Graphic file (type pdf)
 <use figures/reprise_wrapper_v1.pdf>
Package pdftex.def Info: figures/reprise_wrapper_v1.pdf used on input line 137.
(pdftex.def)             Requested size: 345.54092pt x 107.26173pt.
 [45 <./figures/reprise_clutch_v1.pdf> <./figures/reprise_joinseparate_v1.pdf>] <figures/reprise_all_designs_v2.pdf, id=1770, 361.35pt x 340.27126pt>
File: figures/reprise_all_designs_v2.pdf Graphic file (type pdf)
 <use figures/reprise_all_designs_v2.pdf>
Package pdftex.def Info: figures/reprise_all_designs_v2.pdf used on input line 151.
(pdftex.def)             Requested size: 345.54092pt x 325.38461pt.


LaTeX Warning: `!h' float specifier changed to `!ht'.

<figures/reprise_split_v1.pdf, id=1780, 361.35pt x 111.41624pt>
File: figures/reprise_split_v1.pdf Graphic file (type pdf)
 <use figures/reprise_split_v1.pdf>
Package pdftex.def Info: figures/reprise_split_v1.pdf used on input line 166.
(pdftex.def)             Requested size: 345.54092pt x 106.54185pt.


LaTeX Warning: `!h' float specifier changed to `!ht'.

<figures/reprise_pipeclamp_v1.pdf, id=1783, 361.35pt x 227.34938pt>
File: figures/reprise_pipeclamp_v1.pdf Graphic file (type pdf)
 <use figures/reprise_pipeclamp_v1.pdf>
Package pdftex.def Info: figures/reprise_pipeclamp_v1.pdf used on input line 173.
(pdftex.def)             Requested size: 345.54092pt x 217.40298pt.


LaTeX Warning: `!h' float specifier changed to `!ht'.

<figures/reprise_beams_v1.pdf, id=1784, 361.35pt x 111.41624pt>
File: figures/reprise_beams_v1.pdf Graphic file (type pdf)
 <use figures/reprise_beams_v1.pdf>
Package pdftex.def Info: figures/reprise_beams_v1.pdf used on input line 180.
(pdftex.def)             Requested size: 345.54092pt x 106.54185pt.


LaTeX Warning: `!h' float specifier changed to `!ht'.

[46 <./figures/reprise_wrapper_v1.pdf>]
Underfull \vbox (badness 1158) has occurred while \output is active []

 [47 <./figures/reprise_all_designs_v2.pdf> <./figures/reprise_split_v1.pdf>] <figures/reprise_inaccessible_v1.pdf, id=1834, 361.35pt x 111.41624pt>
File: figures/reprise_inaccessible_v1.pdf Graphic file (type pdf)
 <use figures/reprise_inaccessible_v1.pdf>
Package pdftex.def Info: figures/reprise_inaccessible_v1.pdf used on input line 189.
(pdftex.def)             Requested size: 345.54092pt x 106.54185pt.


LaTeX Warning: `!h' float specifier changed to `!ht'.

[48 <./figures/reprise_pipeclamp_v1.pdf> <./figures/reprise_beams_v1.pdf>] <figures/reprise_hand_measuring_v1.pdf, id=1877, 361.35pt x 155.07938pt>
File: figures/reprise_hand_measuring_v1.pdf Graphic file (type pdf)
 <use figures/reprise_hand_measuring_v1.pdf>
Package pdftex.def Info: figures/reprise_hand_measuring_v1.pdf used on input line 201.
(pdftex.def)             Requested size: 414.6463pt x 177.95416pt.

Underfull \vbox (badness 1490) has occurred while \output is active []

 [49 <./figures/reprise_inaccessible_v1.pdf> <./figures/reprise_hand_measuring_v1.pdf>] <figures/reprise_wrapper_results_v1.pdf, id=1920, 361.35pt x 227.34938pt>
File: figures/reprise_wrapper_results_v1.pdf Graphic file (type pdf)
 <use figures/reprise_wrapper_results_v1.pdf>
Package pdftex.def Info: figures/reprise_wrapper_results_v1.pdf used on input line 225.
(pdftex.def)             Requested size: 345.54092pt x 217.40298pt.


LaTeX Warning: `!h' float specifier changed to `!ht'.

<figures/reprise_handle_results_v1.pdf, id=1927, 361.35pt x 226.59656pt>
File: figures/reprise_handle_results_v1.pdf Graphic file (type pdf)
 <use figures/reprise_handle_results_v1.pdf>
Package pdftex.def Info: figures/reprise_handle_results_v1.pdf used on input line 241.
(pdftex.def)             Requested size: 345.54092pt x 216.6831pt.


LaTeX Warning: `!h' float specifier changed to `!ht'.

[50] <figures/reprise_lever_results_v1.pdf, id=1939, 361.35pt x 111.41624pt>
File: figures/reprise_lever_results_v1.pdf Graphic file (type pdf)
 <use figures/reprise_lever_results_v1.pdf>
Package pdftex.def Info: figures/reprise_lever_results_v1.pdf used on input line 254.
(pdftex.def)             Requested size: 345.54092pt x 106.54185pt.


LaTeX Warning: `!h' float specifier changed to `!ht'.

[51 <./figures/reprise_wrapper_results_v1.pdf> <./figures/reprise_handle_results_v1.pdf>] <figures/reprise_anchor_results_v1.pdf, id=1971, 361.35pt x 401.24907pt>
File: figures/reprise_anchor_results_v1.pdf Graphic file (type pdf)
 <use figures/reprise_anchor_results_v1.pdf>
Package pdftex.def Info: figures/reprise_anchor_results_v1.pdf used on input line 265.
(pdftex.def)             Requested size: 322.50345pt x 358.11464pt.
 <figures/reprise_guide_results_v1.pdf, id=1977, 361.35pt x 111.41624pt>
File: figures/reprise_guide_results_v1.pdf Graphic file (type pdf)
 <use figures/reprise_guide_results_v1.pdf>
Package pdftex.def Info: figures/reprise_guide_results_v1.pdf used on input line 278.
(pdftex.def)             Requested size: 345.54092pt x 106.54185pt.


LaTeX Warning: `!h' float specifier changed to `!ht'.

<figures/reprise_combine_adaptations_v1.pdf, id=1983, 361.35pt x 147.55125pt>
File: figures/reprise_combine_adaptations_v1.pdf Graphic file (type pdf)
 <use figures/reprise_combine_adaptations_v1.pdf>
Package pdftex.def Info: figures/reprise_combine_adaptations_v1.pdf used on input line 293.
(pdftex.def)             Requested size: 460.72124pt x 188.12871pt.


LaTeX Warning: `!h' float specifier changed to `!ht'.

[52 <./figures/reprise_lever_results_v1.pdf>] [53 <./figures/reprise_anchor_results_v1.pdf> <./figures/reprise_guide_results_v1.pdf>]) (./forte.tex
Underfull \vbox (badness 1365) has occurred while \output is active []

 [54 <./figures/reprise_combine_adaptations_v1.pdf>] [55] [56

]
Chapter 5.
<figures/kanagawa.pdf, id=2058, 722.7pt x 135.6267pt>
File: figures/kanagawa.pdf Graphic file (type pdf)
 <use figures/kanagawa.pdf>
Package pdftex.def Info: figures/kanagawa.pdf used on input line 5.
(pdftex.def)             Requested size: 460.72124pt x 86.46138pt.
 [57 <./figures/kanagawa.pdf>] <figures/overview.pdf, id=2088, 722.7pt x 108.405pt>
File: figures/overview.pdf Graphic file (type pdf)
 <use figures/overview.pdf>
Package pdftex.def Info: figures/overview.pdf used on input line 45.
(pdftex.def)             Requested size: 460.72124pt x 69.10767pt.
 [58 <./figures/overview.pdf>] <figures/design_scene.pdf, id=2140, 608.77437pt x 250.43562pt>
File: figures/design_scene.pdf Graphic file (type pdf)
 <use figures/design_scene.pdf>
Package pdftex.def Info: figures/design_scene.pdf used on input line 55.
(pdftex.def)             Requested size: 345.54092pt x 142.14983pt.
 <figures/all_the_techniques.pdf, id=2141, 1338.32994pt x 504.55199pt>
File: figures/all_the_techniques.pdf Graphic file (type pdf)
 <use figures/all_the_techniques.pdf>
Package pdftex.def Info: figures/all_the_techniques.pdf used on input line 63.
(pdftex.def)             Requested size: 460.72124pt x 173.69337pt.
 [59 <./figures/design_scene.pdf>] <figures/draw_load.pdf, id=2169, 379.4175pt x 90.83937pt>
File: figures/draw_load.pdf Graphic file (type pdf)
 <use figures/draw_load.pdf>
Package pdftex.def Info: figures/draw_load.pdf used on input line 77.
(pdftex.def)             Requested size: 322.50345pt x 77.21521pt.


LaTeX Warning: `h' float specifier changed to `ht'.

[60 <./figures/all_the_techniques.pdf>] <figures/draw_clearance.pdf, id=2206, 379.4175pt x 80.80188pt>
File: figures/draw_clearance.pdf Graphic file (type pdf)
 <use figures/draw_clearance.pdf>
Package pdftex.def Info: figures/draw_clearance.pdf used on input line 90.
(pdftex.def)             Requested size: 322.50345pt x 68.68314pt.
 <figures/sim_mat.pdf, id=2207, 754.98058pt x 76.12439pt>
File: figures/sim_mat.pdf Graphic file (type pdf)
 <use figures/sim_mat.pdf>
Package pdftex.def Info: figures/sim_mat.pdf used on input line 96.
(pdftex.def)             Requested size: 460.72124pt x 46.45438pt.
 <figures/local_editing_eraser.pdf, id=2208, 722.7pt x 86.82437pt>
File: figures/local_editing_eraser.pdf Graphic file (type pdf)
 <use figures/local_editing_eraser.pdf>
Package pdftex.def Info: figures/local_editing_eraser.pdf used on input line 102.
(pdftex.def)             Requested size: 460.72124pt x 55.35013pt.
 [61 <./figures/draw_load.pdf> <./figures/draw_clearance.pdf>] [62 <./figures/sim_mat.pdf> <./figures/local_editing_eraser.pdf>] <figures/local_editing_pencil.pdf, id=2267, 368.37625pt x 86.82437pt>
File: figures/local_editing_pencil.pdf Graphic file (type pdf)
 <use figures/local_editing_pencil.pdf>
Package pdftex.def Info: figures/local_editing_pencil.pdf used on input line 172.
(pdftex.def)             Requested size: 345.54092pt x 81.44136pt.
 [63 <./figures/local_editing_pencil.pdf>] [64]

Package amsmath Warning: Foreign command \over;
(amsmath)                \frac or \genfrac should be used instead
(amsmath)                 on input line 231.

[65] [66] [67]
Overfull \hbox (21.54095pt too wide) in paragraph at lines 336--337
\OT1/ptm/m/n/12 ``I like how it can pro-duce in-ter-est-ing shapes, i.e., or-ganic, asym-met-ric shapes which are difficult/time-
 []


Underfull \vbox (badness 10000) has occurred while \output is active []

 [68] <figures/participants_design.pdf, id=2349, 372.43141pt x 731.8542pt>
File: figures/participants_design.pdf Graphic file (type pdf)
 <use figures/participants_design.pdf>
Package pdftex.def Info: figures/participants_design.pdf used on input line 361.
(pdftex.def)             Requested size: 276.43555pt x 543.24988pt.


LaTeX Warning: `!h' float specifier changed to `!ht'.

<figures/result_collage.pdf, id=2352, 379.4175pt x 293.1753pt>
File: figures/result_collage.pdf Graphic file (type pdf)
 <use figures/result_collage.pdf>
Package pdftex.def Info: figures/result_collage.pdf used on input line 372.
(pdftex.def)             Requested size: 460.72124pt x 356.00471pt.


LaTeX Warning: `!h' float specifier changed to `!ht'.

<figures/results.png, id=2353, 1466.5992pt x 1161.6198pt>
File: figures/results.png Graphic file (type png)
 <use figures/results.png>
Package pdftex.def Info: figures/results.png used on input line 379.
(pdftex.def)             Requested size: 460.72124pt x 364.90186pt.
 [69]
Underfull \vbox (badness 4713) has occurred while \output is active []

 [70 <./figures/participants_design.pdf>]
Underfull \vbox (badness 10000) has occurred while \output is active []

 [71 <./figures/result_collage.pdf>] [72]) (./medley.tex [73] [74 <./figures/results.png>]
Chapter 6.
<figures/fig1.pdf, id=2448, 794.97pt x 218.7372pt>
File: figures/fig1.pdf Graphic file (type pdf)
 <use figures/fig1.pdf>
Package pdftex.def Info: figures/fig1.pdf used on input line 5.
(pdftex.def)             Requested size: 460.72124pt x 126.77086pt.
 <figures/gloves.pdf, id=2454, 379.65839pt x 66.4884pt>
File: figures/gloves.pdf Graphic file (type pdf)
 <use figures/gloves.pdf>
Package pdftex.def Info: figures/gloves.pdf used on input line 18.
(pdftex.def)             Requested size: 345.54092pt x 60.51366pt.
 [75

 <./figures/fig1.pdf>]

Package hyperref Warning: Difference (2) between bookmark levels is greater 
(hyperref)                than one, level fixed on input line 35.

[76 <./figures/gloves.pdf>] <figures/design_space.pdf, id=2520, 274.626pt x 693.792pt>
File: figures/design_space.pdf Graphic file (type pdf)
 <use figures/design_space.pdf>
Package pdftex.def Info: figures/design_space.pdf used on input line 42.
(pdftex.def)             Requested size: 230.36061pt x 581.95557pt.


LaTeX Warning: Float too large for page by 13.97716pt on input line 44.

[77] [78 <./figures/design_space.pdf>]
Overfull \hbox (14.35194pt too wide) in paragraph at lines 63--64
[]\OT1/ptm/m/n/12 Each cell in Fig-ure []6.3[] con-tains one example---either a piece of re-lated work or an embeddable---
 []


Package hyperref Warning: Token not allowed in a PDF string (PDFDocEncoding):
(hyperref)                removing `math shift' on input line 67.


Package hyperref Warning: Token not allowed in a PDF string (PDFDocEncoding):
(hyperref)                removing `\rightarrow' on input line 67.


Package hyperref Warning: Token not allowed in a PDF string (PDFDocEncoding):
(hyperref)                removing `math shift' on input line 67.

<figures/glasses.pdf, id=2794, 375.32222pt x 183.56581pt>
File: figures/glasses.pdf Graphic file (type pdf)
 <use figures/glasses.pdf>
Package pdftex.def Info: figures/glasses.pdf used on input line 81.
(pdftex.def)             Requested size: 345.54092pt x 169.00302pt.


LaTeX Warning: `h' float specifier changed to `ht'.

<figures/phone_stand.pdf, id=2798, 379.65839pt x 101.17801pt>
File: figures/phone_stand.pdf Graphic file (type pdf)
 <use figures/phone_stand.pdf>
Package pdftex.def Info: figures/phone_stand.pdf used on input line 89.
(pdftex.def)             Requested size: 345.54092pt x 92.08601pt.


LaTeX Warning: `h' float specifier changed to `ht'.

<figures/wrench.pdf, id=2801, 379.65839pt x 139.2402pt>
File: figures/wrench.pdf Graphic file (type pdf)
 <use figures/wrench.pdf>
Package pdftex.def Info: figures/wrench.pdf used on input line 97.
(pdftex.def)             Requested size: 345.54092pt x 126.72789pt.


LaTeX Warning: `!h' float specifier changed to `!ht'.

<figures/door_stop.pdf, id=2803, 369.05879pt x 101.17801pt>
File: figures/door_stop.pdf Graphic file (type pdf)
 <use figures/door_stop.pdf>
Package pdftex.def Info: figures/door_stop.pdf used on input line 105.
(pdftex.def)             Requested size: 345.54092pt x 94.7368pt.


LaTeX Warning: `!h' float specifier changed to `!ht'.

[79] <figures/spoon.pdf, id=2813, 379.65839pt x 211.992pt>
File: figures/spoon.pdf Graphic file (type pdf)
 <use figures/spoon.pdf>
Package pdftex.def Info: figures/spoon.pdf used on input line 115.
(pdftex.def)             Requested size: 345.54092pt x 192.94212pt.
 [80 <./figures/glasses.pdf> <./figures/phone_stand.pdf> <./figures/wrench.pdf>] <figures/lamp_shade2.pdf, id=2833, 379.65839pt x 213.4374pt>
File: figures/lamp_shade2.pdf Graphic file (type pdf)
 <use figures/lamp_shade2.pdf>
Package pdftex.def Info: figures/lamp_shade2.pdf used on input line 125.
(pdftex.def)             Requested size: 345.54092pt x 194.25763pt.


LaTeX Warning: `!h' float specifier changed to `!ht'.

<figures/laptop_stand.pdf, id=2836, 378.6948pt x 115.632pt>
File: figures/laptop_stand.pdf Graphic file (type pdf)
 <use figures/laptop_stand.pdf>
Package pdftex.def Info: figures/laptop_stand.pdf used on input line 133.
(pdftex.def)             Requested size: 345.54092pt x 105.50934pt.


LaTeX Warning: `!h' float specifier changed to `!ht'.

<figures/tongs.pdf, id=2837, 379.65839pt x 115.632pt>
File: figures/tongs.pdf Graphic file (type pdf)
 <use figures/tongs.pdf>
Package pdftex.def Info: figures/tongs.pdf used on input line 139.
(pdftex.def)             Requested size: 345.54092pt x 105.24115pt.


LaTeX Warning: `!h' float specifier changed to `!ht'.

<figures/tool_overview.pdf, id=2838, 303.534pt x 330.99661pt>
File: figures/tool_overview.pdf Graphic file (type pdf)
 <use figures/tool_overview.pdf>
Package pdftex.def Info: figures/tool_overview.pdf used on input line 148.
(pdftex.def)             Requested size: 345.54092pt x 376.80467pt.


LaTeX Warning: `!h' float specifier changed to `!ht'.


Underfull \vbox (badness 2173) has occurred while \output is active []

 [81 <./figures/door_stop.pdf> <./figures/spoon.pdf>]
Underfull \vbox (badness 10000) has occurred while \output is active []

 [82 <./figures/lamp_shade2.pdf> <./figures/laptop_stand.pdf> <./figures/tongs.pdf>]
Underfull \vbox (badness 3271) has occurred while \output is active []

 [83 <./figures/tool_overview.pdf>] <figures/spec_dow0.pdf, id=2902, 379.4175pt x 135.50626pt>
File: figures/spec_dow0.pdf Graphic file (type pdf)
 <use figures/spec_dow0.pdf>
Package pdftex.def Info: figures/spec_dow0.pdf used on input line 172.
(pdftex.def)             Requested size: 345.54092pt x 123.41011pt.
 [84 <./figures/spec_dow0.pdf>] <figures/control_points.pdf, id=2925, 852.18375pt x 229.85875pt>
File: figures/control_points.pdf Graphic file (type pdf)
 <use figures/control_points.pdf>
Package pdftex.def Info: figures/control_points.pdf used on input line 184.
(pdftex.def)             Requested size: 345.54092pt x 93.2045pt.
 [85 <./figures/control_points.pdf>] <figures/spec_dow1.pdf, id=2963, 367.3725pt x 144.54pt>
File: figures/spec_dow1.pdf Graphic file (type pdf)
 <use figures/spec_dow1.pdf>
Package pdftex.def Info: figures/spec_dow1.pdf used on input line 212.
(pdftex.def)             Requested size: 345.54092pt x 135.96022pt.

Overfull \hbox (4.61983pt too wide) in paragraph at lines 216--217
[]\OT1/ptm/m/n/12 To sum-ma-rize, an em-bed-dable's ge-om-e-try can be cre-ated us-ing a uni-fied technique---sketching
 []

<figures/spec_dow2a.pdf, id=2964, 717.17938pt x 106.89937pt>
File: figures/spec_dow2a.pdf Graphic file (type pdf)
 <use figures/spec_dow2a.pdf>
Package pdftex.def Info: figures/spec_dow2a.pdf used on input line 222.
(pdftex.def)             Requested size: 460.72124pt x 68.6747pt.
 [86 <./figures/spec_dow1.pdf>] <figures/spec_dow2b.pdf, id=2985, 722.7pt x 101.37875pt>
File: figures/spec_dow2b.pdf Graphic file (type pdf)
 <use figures/spec_dow2b.pdf>
Package pdftex.def Info: figures/spec_dow2b.pdf used on input line 228.
(pdftex.def)             Requested size: 460.72124pt x 64.62848pt.
 <figures/insertion.pdf, id=2987, 727.71875pt x 567.11874pt>
File: figures/insertion.pdf Graphic file (type pdf)
 <use figures/insertion.pdf>
Package pdftex.def Info: figures/insertion.pdf used on input line 239.
(pdftex.def)             Requested size: 322.50345pt x 251.33295pt.


LaTeX Warning: `h' float specifier changed to `ht'.

[87 <./figures/spec_dow2a.pdf> <./figures/spec_dow2b.pdf

pdfTeX warning: /usr/local/texlive/2015basic/bin/x86_64-darwin/pdflatex (file ./figures/spec_dow2b.pdf): PDF inclusion: multiple pdfs with page group included in a single page
>] <figures/dow1_insertion.pdf, id=3035, 476.78125pt x 210.7875pt>
File: figures/dow1_insertion.pdf Graphic file (type pdf)
 <use figures/dow1_insertion.pdf>
Package pdftex.def Info: figures/dow1_insertion.pdf used on input line 252.
(pdftex.def)             Requested size: 322.50345pt x 142.5874pt.


LaTeX Warning: `h' float specifier changed to `ht'.

[88 <./figures/insertion.pdf>] <figures/dow023_insertion.pdf, id=3054, 1027.84pt x 289.08pt>
File: figures/dow023_insertion.pdf Graphic file (type pdf)
 <use figures/dow023_insertion.pdf>
Package pdftex.def Info: figures/dow023_insertion.pdf used on input line 267.
(pdftex.def)             Requested size: 322.50345pt x 90.70338pt.

Overfull \hbox (6.88261pt too wide) in paragraph at lines 271--277
[]\OT1/ptm/m/n/12 The min-i-mum vol-ume of the en-tire N-layered em-bed-dable can be com-puted as $\OML/ztmcm/m/it/12 V[] \OT1/ztmcm/m/n/12 = \OMS/ztmcm/m/n/12 [[][]$\OT1/ptm/m/n/12 ,
 []

[89 <./figures/dow1_insertion.pdf> <./figures/dow023_insertion.pdf>] <figures/cap.pdf, id=3134, 1244.65pt x 281.05pt>
File: figures/cap.pdf Graphic file (type pdf)
 <use figures/cap.pdf>
Package pdftex.def Info: figures/cap.pdf used on input line 290.
(pdftex.def)             Requested size: 345.54092pt x 78.02444pt.
 <figures/cap_printing.pdf, id=3135, 722.7pt x 123.8226pt>
File: figures/cap_printing.pdf Graphic file (type pdf)
 <use figures/cap_printing.pdf>
Package pdftex.def Info: figures/cap_printing.pdf used on input line 296.
(pdftex.def)             Requested size: 460.72124pt x 78.93633pt.
 [90 <./figures/cap.pdf> <./figures/cap_printing.pdf>] <figures/template.pdf, id=3169, 379.65839pt x 115.632pt>
File: figures/template.pdf Graphic file (type pdf)
 <use figures/template.pdf>
Package pdftex.def Info: figures/template.pdf used on input line 304.
(pdftex.def)             Requested size: 345.54092pt x 105.24115pt.
 [91 <./figures/template.pdf>]) (./conclusion.tex [92]
Chapter 7.

Underfull \vbox (badness 10000) has occurred while \output is active []

 [93

]) [94] (/Users/xiangchen/Dropbox/PhDThesis/proposal/.texpadtmp/chen_thesis_proposal.bbl (/Users/xiangchen/Dropbox/PhDThesis/proposal/.texpadtmp/chen_thesis_proposal.brf)
\tf@brf=\write7
\openout7 = `chen_thesis_proposal.brf'.


Underfull \vbox (badness 10000) has occurred while \output is active []

 [95


]
Underfull \vbox (badness 10000) has occurred while \output is active []

 [96]
Underfull \hbox (badness 10000) in paragraph at lines 200--200
[]\OT1/ptm/m/n/12 Grasshopper.  Stress topol-ogy op-ti-miza-tion with mil-li-
 []


Underfull \hbox (badness 10000) in paragraph at lines 200--200
\OT1/ptm/m/n/12 pede.  []$\OT1/pcr/m/n/12 http : / / www . grasshopper3d . com / forum / topics /
 []


Underfull \hbox (badness 5578) in paragraph at lines 200--200
\OT1/pcr/m/n/12 stress-[]topology-[]optimization-[]with-[]millipede$[]\OT1/ptm/m/n/12 , 2017.  (Ac-cessed
 []


Underfull \hbox (badness 10000) in paragraph at lines 241--241
[]\OT1/ptm/m/n/12 Autodesk In-ven-tor.  About shape gen-er-a-tor.  []$\OT1/pcr/m/n/12 https : / / knowledge .
 []


Underfull \hbox (badness 10000) in paragraph at lines 241--241
\OT1/pcr/m/n/12 autodesk . com / support / inventor-[]products / learn-[]explore /
 []


Underfull \hbox (badness 10000) in paragraph at lines 241--241
\OT1/pcr/m/n/12 caas / CloudHelp / cloudhelp / 2016 / ENU / Inventor-[]Help / files /
 []


Underfull \hbox (badness 10000) in paragraph at lines 241--241
\OT1/pcr/m/n/12 GUID-[]D74F47F3-[]FE22-[]44EF-[]85BE-[]7C6B1F56DCF9-[]htm . html$[]\OT1/ptm/m/n/12 , 2017.
 []


Underfull \vbox (badness 10000) has occurred while \output is active []

 [97]
Underfull \hbox (badness 10000) in paragraph at lines 332--332
[]\OT1/ptm/m/n/12 MatWeb.  Na-ture-works ingeo$[]$ 2002d ex-tru-sion grade pla.  []$\OT1/pcr/m/n/12 http :
 []


Underfull \hbox (badness 10000) in paragraph at lines 332--332
\OT1/pcr/m/n/12 / / www . matweb . com / search / DataSheet . aspx ? MatGUID =
 []


Underfull \hbox (badness 10000) in paragraph at lines 332--332
\OT1/pcr/m/n/12 1e288619764846d2b794bd077e7f1bba & ckck = 1$[]\OT1/ptm/m/n/12 , 2017.  (Ac-cessed on
 []


Underfull \vbox (badness 10000) has occurred while \output is active []

 [98]
Underfull \vbox (badness 10000) has occurred while \output is active []

 [99]
Underfull \vbox (badness 10000) has occurred while \output is active []

 [100]
Underfull \vbox (badness 10000) has occurred while \output is active []

 [101]
Underfull \hbox (badness 2119) in paragraph at lines 684--684
[]\OT1/ptm/m/n/12 Wikipedia.  Fab@Home --- Wikipedia, the free en-cy-clo-pe-dia.  []$\OT1/pcr/m/n/12 http : / / en .
 []


Underfull \hbox (badness 10000) in paragraph at lines 684--684
\OT1/pcr/m/n/12 wikipedia . org / w / index . php ? title = Fab % 40Home & oldid = 725172260$[]\OT1/ptm/m/n/12 ,
 []


Underfull \hbox (badness 3417) in paragraph at lines 701--701
[]\OT1/ptm/m/n/12 Wikipedia.  Lam-i-nated ob-ject man-u-fac-tur-ing --- Wikipedia, the free en-cy-clo-
 []


Underfull \hbox (badness 4940) in paragraph at lines 701--701
\OT1/ptm/m/n/12 pe-dia.  []$\OT1/pcr/m/n/12 http : / / en . wikipedia . org / w / index . php ? title = Laminated %
 []


Underfull \hbox (badness 3158) in paragraph at lines 709--709
[]\OT1/ptm/m/n/12 Wikipedia.  Stere-olithog-ra-phy --- Wikipedia, the free en-cy-clo-pe-dia.  []$\OT1/pcr/m/n/12 http :
 []


Underfull \hbox (badness 10000) in paragraph at lines 709--709
\OT1/pcr/m/n/12 / / en . wikipedia . org / w / index . php ? title = Stereolithography &
 []


Underfull \hbox (badness 7238) in paragraph at lines 717--717
[]\OT1/ptm/m/n/12 Wikipedia.  Se-lec-tive laser sin-ter-ing --- Wikipedia, the free en-cy-clo-pe-dia.
 []


Underfull \hbox (badness 10000) in paragraph at lines 717--717
[]$\OT1/pcr/m/n/12 http : / / en . wikipedia . org / w / index . php ? title = Selective %
 []


Underfull \hbox (badness 2293) in paragraph at lines 717--717
\OT1/pcr/m/n/12 20laser % 20sintering & oldid = 714526189$[]\OT1/ptm/m/n/12 , 2016.  [On-line; ac-cessed 29-
 []


Underfull \vbox (badness 10000) has occurred while \output is active []

 [102]
Underfull \hbox (badness 1342) in paragraph at lines 766--766
[]\OT1/ptm/m/n/12 Olgierd Ce-cil Zienkiewicz, Robert Leroy Tay-lor, Ol-gierd Ce-cil Zienkiewicz, and
 []

)
Package atveryend Info: Empty hook `BeforeClearDocument' on input line 163.
 [103]
Package atveryend Info: Empty hook `AfterLastShipout' on input line 163.
 (/Users/xiangchen/Dropbox/PhDThesis/proposal/.texpadtmp/chen_thesis_proposal.aux)
Package atveryend Info: Executing hook `AtVeryEndDocument' on input line 163.
Package atveryend Info: Executing hook `AtEndAfterFileList' on input line 163.
Package rerunfilecheck Info: File `chen_thesis_proposal.out' has not changed.
(rerunfilecheck)             Checksum: <no file>.
Package rerunfilecheck Info: File `chen_thesis_proposal.brf' has not changed.
(rerunfilecheck)             Checksum: <no file>.


LaTeX Warning: There were multiply-defined labels.

Package atveryend Info: Empty hook `AtVeryVeryEnd' on input line 163.
 ) 
Here is how much of TeX's memory you used:
 9286 strings out of 494501
 146467 string characters out of 6167030
 253620 words of memory out of 5000000
 11842 multiletter control sequences out of 15000+600000
 68547 words of font info for 140 fonts, out of 8000000 for 9000
 319 hyphenation exceptions out of 8191
 42i,17n,39p,1848b,641s stack positions out of 5000i,500n,10000p,200000b,80000s
{/usr/local/texlive/2015basic/texmf-dist/fonts/enc/dvips/base/8r.enc}</usr/local/texlive/2015basic/texmf-dist/fonts/type1/public/amsfonts/cm/cmex10.pfb></usr/local/texlive/2015basic/texmf-dist/fonts/type1/public/amsfonts/cm/cmmi10.pfb></usr/local/texlive/2015basic/texmf-dist/fonts/type1/public/amsfonts/cm/cmmi12.pfb></usr/local/texlive/2015basic/texmf-dist/fonts/type1/public/amsfonts/cm/cmr10.pfb></usr/local/texlive/2015basic/texmf-dist/fonts/type1/public/amsfonts/cm/cmsy10.pfb></usr/local/texlive/2015basic/texmf-dist/fonts/type1/urw/courier/ucrr8a.pfb></usr/local/texlive/2015basic/texmf-dist/fonts/type1/urw/symbol/usyr.pfb></usr/local/texlive/2015basic/texmf-dist/fonts/type1/urw/symbol/usyr.pfb></usr/local/texlive/2015basic/texmf-dist/fonts/type1/urw/times/utmb8a.pfb></usr/local/texlive/2015basic/texmf-dist/fonts/type1/urw/times/utmr8a.pfb></usr/local/texlive/2015basic/texmf-dist/fonts/type1/urw/times/utmri8a.pfb>
Output written on /Users/xiangchen/Dropbox/PhDThesis/proposal/.texpadtmp/chen_thesis_proposal.pdf (123 pages, 53716871 bytes).
PDF statistics:
 3539 PDF objects out of 3580 (max. 8388607)
 2600 compressed objects within 26 object streams
 469 named destinations out of 1000 (max. 500000)
 1031 words of extra memory for PDF output out of 10000 (max. 10000000)

