\BOOKMARK [0][-]{chapter.1}{1 Introduction and Overview}{}% 1
\BOOKMARK [1][-]{section.1.1}{1.1 The Disparity of Creativity}{chapter.1}% 2
\BOOKMARK [1][-]{section.1.2}{1.2 The Dawn of Making}{chapter.1}% 3
\BOOKMARK [1][-]{section.1.3}{1.3 The Oblivion of the Real World}{chapter.1}% 4
\BOOKMARK [1][-]{section.1.4}{1.4 Research Goals}{chapter.1}% 5
\BOOKMARK [0][-]{chapter.2}{2 Background and Literature}{}% 6
\BOOKMARK [1][-]{section.2.1}{2.1 3D Printing: History, Principles and Recent Development}{chapter.2}% 7
\BOOKMARK [2][-]{subsection.2.1.1}{2.1.1 Major Categories of 3D Printers}{section.2.1}% 8
\BOOKMARK [2][-]{subsection.2.1.2}{2.1.2 Issues and Limitations}{section.2.1}% 9
\BOOKMARK [2][-]{subsection.2.1.3}{2.1.3 Printing with Multiple Material}{section.2.1}% 10
\BOOKMARK [2][-]{subsection.2.1.4}{2.1.4 Cost and Customizability}{section.2.1}% 11
\BOOKMARK [1][-]{section.2.2}{2.2 Current Research Trends in 3D Printing}{chapter.2}% 12
\BOOKMARK [2][-]{subsection.2.2.1}{2.2.1 Optimizing the 3D Printing Process}{section.2.2}% 13
\BOOKMARK [2][-]{subsection.2.2.2}{2.2.2 Making 3D Printed Objects with Interactive Properties}{section.2.2}% 14
\BOOKMARK [2][-]{subsection.2.2.3}{2.2.3 Innovating Tools and Devices for Fabrication}{section.2.2}% 15
\BOOKMARK [1][-]{section.2.3}{2.3 3D Printing for Real Usage, with Real Objects, by Real People}{chapter.2}% 16
\BOOKMARK [2][-]{subsection.2.3.1}{2.3.1 Combining 3D Printing and Real World Objects}{section.2.3}% 17
\BOOKMARK [2][-]{subsection.2.3.2}{2.3.2 Involving People into the Fabrication Process}{section.2.3}% 18
\BOOKMARK [2][-]{subsection.2.3.3}{2.3.3 Specifying Real World Usage and Functional Requirement}{section.2.3}% 19
\BOOKMARK [1][-]{section.2.4}{2.4 Summary of Literature Review}{chapter.2}% 20
\BOOKMARK [0][-]{chapter.3}{3 Techniques for Making Attachments to Real World Objects}{}% 21
\BOOKMARK [1][-]{section.3.1}{3.1 Existing Attachment Solutions}{chapter.3}% 22
\BOOKMARK [1][-]{section.3.2}{3.2 Techniques For 3D Printed Attachment}{chapter.3}% 23
\BOOKMARK [2][-]{subsection.3.2.1}{3.2.1 Technique \0431: Print-Over}{section.3.2}% 24
\BOOKMARK [2][-]{subsection.3.2.2}{3.2.2 Technique \0432: Print-to-Affix}{section.3.2}% 25
\BOOKMARK [2][-]{subsection.3.2.3}{3.2.3 Technique \0433: Print-through}{section.3.2}% 26
\BOOKMARK [1][-]{section.3.3}{3.3 Geometric Analysis: Viability}{chapter.3}% 27
\BOOKMARK [2][-]{subsection.3.3.1}{3.3.1 Understanding Viability: Collision Detection}{section.3.3}% 28
\BOOKMARK [2][-]{subsection.3.3.2}{3.3.2 Attaining Viability: Resolving Collision}{section.3.3}% 29
\BOOKMARK [1][-]{section.3.4}{3.4 Geometric Analysis: Durability}{chapter.3}% 30
\BOOKMARK [1][-]{section.3.5}{3.5 Geometric Analysis: Usability \046 Semantics}{chapter.3}% 31
\BOOKMARK [1][-]{section.3.6}{3.6 A Pipeline For Printed Attachments}{chapter.3}% 32
\BOOKMARK [2][-]{subsection.3.6.1}{3.6.1 Interactive Exploration}{section.3.6}% 33
\BOOKMARK [2][-]{subsection.3.6.2}{3.6.2 Model Generation, Printing and Post-processing}{section.3.6}% 34
\BOOKMARK [2][-]{subsection.3.6.3}{3.6.3 Software and Hardware Implementation}{section.3.6}% 35
\BOOKMARK [1][-]{section.3.7}{3.7 Evaluation}{chapter.3}% 36
\BOOKMARK [2][-]{subsection.3.7.1}{3.7.1 Evaluating Time and Material Cost}{section.3.7}% 37
\BOOKMARK [2][-]{subsection.3.7.2}{3.7.2 Evaluating Strength of Printed Attachments}{section.3.7}% 38
\BOOKMARK [1][-]{section.3.8}{3.8 Summary of Attachment Techniques}{chapter.3}% 39
\BOOKMARK [0][-]{chapter.4}{4 Adapting Real World Objects for Custom Users and Use Cases}{}% 40
\BOOKMARK [1][-]{section.4.1}{4.1 Scenario Walkthrough: Adapting a Cutter}{chapter.4}% 41
\BOOKMARK [2][-]{subsection.4.1.1}{4.1.1 Iteration I: Generating Wrappers for a Better Grip}{section.4.1}% 42
\BOOKMARK [2][-]{subsection.4.1.2}{4.1.2 Iteration II: Making Levers to Assist with Clutching}{section.4.1}% 43
\BOOKMARK [2][-]{subsection.4.1.3}{4.1.3 Iteration III: Anchoring the Cutter for Situated Use}{section.4.1}% 44
\BOOKMARK [1][-]{section.4.2}{4.2 A Design Space of Adaptation Strategies}{chapter.4}% 45
\BOOKMARK [1][-]{section.4.3}{4.3 Reprise: Computational Design of Adaptations}{chapter.4}% 46
\BOOKMARK [2][-]{subsection.4.3.1}{4.3.1 Techniques for Specifying Types of Action with an Object}{section.4.3}% 47
\BOOKMARK [2][-]{subsection.4.3.2}{4.3.2 Computationally Generating Adaptations}{section.4.3}% 48
\BOOKMARK [2][-]{subsection.4.3.3}{4.3.3 Adjusting Design Parameters for Customization}{section.4.3}% 49
\BOOKMARK [2][-]{subsection.4.3.4}{4.3.4 Attaching Adaptations onto Real World Objects}{section.4.3}% 50
\BOOKMARK [2][-]{subsection.4.3.5}{4.3.5 Implementation, Measurement and Fabrication}{section.4.3}% 51
\BOOKMARK [1][-]{section.4.4}{4.4 Results and Validation Through Replication}{chapter.4}% 52
\BOOKMARK [1][-]{section.4.5}{4.5 Discussion and Summary of Designing Adaptations}{chapter.4}% 53
\BOOKMARK [0][-]{chapter.5}{5 User-Driven Structure Design to Support Real World Objects}{}% 54
\BOOKMARK [1][-]{section.5.1}{5.1 Forte: User-Driven Generative Design}{chapter.5}% 55
\BOOKMARK [2][-]{subsection.5.1.1}{5.1.1 Basic Concepts and Terminologies}{section.5.1}% 56
\BOOKMARK [2][-]{subsection.5.1.2}{5.1.2 Sketching Designs and Loading Scenarios}{section.5.1}% 57
\BOOKMARK [2][-]{subsection.5.1.3}{5.1.3 Design Optimization with Global Similarity Control}{section.5.1}% 58
\BOOKMARK [2][-]{subsection.5.1.4}{5.1.4 \0433 Refining Optimization with Local Suggestive Edits}{section.5.1}% 59
\BOOKMARK [2][-]{subsection.5.1.5}{5.1.5 \0434 Informing Performance Trade-offs with Visualization}{section.5.1}% 60
\BOOKMARK [1][-]{section.5.2}{5.2 Implementation}{chapter.5}% 61
\BOOKMARK [2][-]{subsection.5.2.1}{5.2.1 Sketching Designs and Loading Scenarios}{section.5.2}% 62
\BOOKMARK [2][-]{subsection.5.2.2}{5.2.2 Design Optimizations with Global Similarity Control}{section.5.2}% 63
\BOOKMARK [2][-]{subsection.5.2.3}{5.2.3 Refining Optimization with Local Suggestive Edits}{section.5.2}% 64
\BOOKMARK [2][-]{subsection.5.2.4}{5.2.4 Informing Performance Trade-offs with Visualization}{section.5.2}% 65
\BOOKMARK [2][-]{subsection.5.2.5}{5.2.5 Software and Hardware}{section.5.2}% 66
\BOOKMARK [1][-]{section.5.3}{5.3 Design Sessions}{chapter.5}% 67
\BOOKMARK [2][-]{subsection.5.3.1}{5.3.1 Participants}{section.5.3}% 68
\BOOKMARK [2][-]{subsection.5.3.2}{5.3.2 Tasks \046 Procedure}{section.5.3}% 69
\BOOKMARK [2][-]{subsection.5.3.3}{5.3.3 Feedback and Discussion}{section.5.3}% 70
\BOOKMARK [2][-]{subsection.5.3.4}{5.3.4 Designs Created by Participants}{section.5.3}% 71
\BOOKMARK [1][-]{section.5.4}{5.4 Post-processing and Fabricated Results}{chapter.5}% 72
\BOOKMARK [1][-]{section.5.5}{5.5 Limitations, Trade-offs and Future Work}{chapter.5}% 73
\BOOKMARK [0][-]{chapter.6}{6 Embedding Everyday Objects to Augment 3D Prints}{}% 74
\BOOKMARK [1][-]{subsection.6.0.1}{6.0.1 Contribution}{chapter.6}% 75
\BOOKMARK [1][-]{section.6.1}{6.1 Design Space}{chapter.6}% 76
\BOOKMARK [1][-]{section.6.2}{6.2 A Library of Embeddables \040Rich Materiality}{chapter.6}% 77
\BOOKMARK [1][-]{section.6.3}{6.3 Overview of Design and Fabrication Process}{chapter.6}% 78
\BOOKMARK [1][-]{section.6.4}{6.4 Specifying the Geometry of Embeddables}{chapter.6}% 79
\BOOKMARK [1][-]{section.6.5}{6.5 Finding Optimal Paths to Insert Embeddables}{chapter.6}% 80
\BOOKMARK [2][-]{subsection.6.5.1}{6.5.1 Deformational Insertion of DOW=1 Embeddables}{section.6.5}% 81
\BOOKMARK [2][-]{subsection.6.5.2}{6.5.2 Non-deformational Insertion of DOW=0, 2, 3 Embeddables}{section.6.5}% 82
\BOOKMARK [1][-]{section.6.6}{6.6 Generating Guides for Crafting Embeddables}{chapter.6}% 83
\BOOKMARK [0][-]{chapter.7}{7 Summary and Timeline}{}% 84
\BOOKMARK [0][-]{chapter*.21}{Bibliography}{}% 85
