This is pdfTeX, Version 3.14159265-2.6-1.40.16 (TeX Live 2015) (preloaded format=pdflatex 2016.2.27)  13 JUL 2016 17:21
entering extended mode
 restricted \write18 enabled.
 file:line:error style messages enabled.
 %&-line parsing enabled.
**chen_thesis_proposal.tex
(./chen_thesis_proposal.tex
LaTeX2e <2015/01/01>
Babel <3.9l> and hyphenation patterns for 21 languages loaded.
(./cmuthesis.cls (/usr/local/texlive/2015basic/texmf-dist/tex/latex/base/book.cls
Document Class: book 2014/09/29 v1.4h Standard LaTeX document class
(/usr/local/texlive/2015basic/texmf-dist/tex/latex/base/bk12.clo
File: bk12.clo 2014/09/29 v1.4h Standard LaTeX file (size option)
)
\c@part=\count79
\c@chapter=\count80
\c@section=\count81
\c@subsection=\count82
\c@subsubsection=\count83
\c@paragraph=\count84
\c@subparagraph=\count85
\c@figure=\count86
\c@table=\count87
\abovecaptionskip=\skip41
\belowcaptionskip=\skip42
\bibindent=\dimen102
)
\@copyrightbox=\box26
\@measbox=\box27
 (/usr/local/texlive/2015basic/texmf-dist/tex/latex/graphics/graphicx.sty
Package: graphicx 2014/10/28 v1.0g Enhanced LaTeX Graphics (DPC,SPQR)
 (/usr/local/texlive/2015basic/texmf-dist/tex/latex/graphics/keyval.sty
Package: keyval 2014/10/28 v1.15 key=value parser (DPC)
\KV@toks@=\toks14
) (/usr/local/texlive/2015basic/texmf-dist/tex/latex/graphics/graphics.sty
Package: graphics 2014/10/28 v1.0p Standard LaTeX Graphics (DPC,SPQR)
 (/usr/local/texlive/2015basic/texmf-dist/tex/latex/graphics/trig.sty
Package: trig 1999/03/16 v1.09 sin cos tan (DPC)
) (/usr/local/texlive/2015basic/texmf-dist/tex/latex/latexconfig/graphics.cfg
File: graphics.cfg 2010/04/23 v1.9 graphics configuration of TeX Live
)
Package graphics Info: Driver file: pdftex.def on input line 94.
 (/usr/local/texlive/2015basic/texmf-dist/tex/latex/pdftex-def/pdftex.def
File: pdftex.def 2011/05/27 v0.06d Graphics/color for pdfTeX
 (/usr/local/texlive/2015basic/texmf-dist/tex/generic/oberdiek/infwarerr.sty
Package: infwarerr 2010/04/08 v1.3 Providing info/warning/error messages (HO)
) (/usr/local/texlive/2015basic/texmf-dist/tex/generic/oberdiek/ltxcmds.sty
Package: ltxcmds 2011/11/09 v1.22 LaTeX kernel commands for general use (HO)
)
\Gread@gobject=\count88
))
\Gin@req@height=\dimen103
\Gin@req@width=\dimen104
) (/usr/local/texlive/2015basic/texmf-dist/tex/latex/eso-pic/eso-pic.sty
Package: eso-pic 2015/04/20 v2.0e eso-pic (RN)
 (/usr/local/texlive/2015basic/texmf-dist/tex/generic/oberdiek/atbegshi.sty
Package: atbegshi 2011/10/05 v1.16 At begin shipout hook (HO)
 (/usr/local/texlive/2015basic/texmf-dist/tex/generic/oberdiek/ifpdf.sty
Package: ifpdf 2011/01/30 v2.3 Provides the ifpdf switch (HO)
Package ifpdf Info: pdfTeX in PDF mode is detected.
)) (/usr/local/texlive/2015basic/texmf-dist/tex/latex/xcolor/xcolor.sty
Package: xcolor 2007/01/21 v2.11 LaTeX color extensions (UK)
 (/usr/local/texlive/2015basic/texmf-dist/tex/latex/latexconfig/color.cfg
File: color.cfg 2007/01/18 v1.5 color configuration of teTeX/TeXLive
)
Package xcolor Info: Driver file: pdftex.def on input line 225.
Package xcolor Info: Model `cmy' substituted by `cmy0' on input line 1337.
Package xcolor Info: Model `hsb' substituted by `rgb' on input line 1341.
Package xcolor Info: Model `RGB' extended on input line 1353.
Package xcolor Info: Model `HTML' substituted by `rgb' on input line 1355.
Package xcolor Info: Model `Hsb' substituted by `hsb' on input line 1356.
Package xcolor Info: Model `tHsb' substituted by `hsb' on input line 1357.
Package xcolor Info: Model `HSB' substituted by `hsb' on input line 1358.
Package xcolor Info: Model `Gray' substituted by `gray' on input line 1359.
Package xcolor Info: Model `wave' substituted by `hsb' on input line 1360.
))) (/usr/local/texlive/2015basic/texmf-dist/tex/latex/psnfss/times.sty
Package: times 2005/04/12 PSNFSS-v9.2a (SPQR) 
) (/usr/local/texlive/2015basic/texmf-dist/tex/latex/fullpage/fullpage.sty
Using full size pages: 'fullpage' documentstyle option
) (/usr/local/texlive/2015basic/texmf-dist/tex/latex/amsmath/amsmath.sty
Package: amsmath 2013/01/14 v2.14 AMS math features
\@mathmargin=\skip43

For additional information on amsmath, use the `?' option.
(/usr/local/texlive/2015basic/texmf-dist/tex/latex/amsmath/amstext.sty
Package: amstext 2000/06/29 v2.01
 (/usr/local/texlive/2015basic/texmf-dist/tex/latex/amsmath/amsgen.sty
File: amsgen.sty 1999/11/30 v2.0
\@emptytoks=\toks15
\ex@=\dimen105
)) (/usr/local/texlive/2015basic/texmf-dist/tex/latex/amsmath/amsbsy.sty
Package: amsbsy 1999/11/29 v1.2d
\pmbraise@=\dimen106
) (/usr/local/texlive/2015basic/texmf-dist/tex/latex/amsmath/amsopn.sty
Package: amsopn 1999/12/14 v2.01 operator names
)
\inf@bad=\count89
LaTeX Info: Redefining \frac on input line 210.
\uproot@=\count90
\leftroot@=\count91
LaTeX Info: Redefining \overline on input line 306.
\classnum@=\count92
\DOTSCASE@=\count93
LaTeX Info: Redefining \ldots on input line 378.
LaTeX Info: Redefining \dots on input line 381.
LaTeX Info: Redefining \cdots on input line 466.
\Mathstrutbox@=\box28
\strutbox@=\box29
\big@size=\dimen107
LaTeX Font Info:    Redeclaring font encoding OML on input line 566.
LaTeX Font Info:    Redeclaring font encoding OMS on input line 567.
\macc@depth=\count94
\c@MaxMatrixCols=\count95
\dotsspace@=\muskip10
\c@parentequation=\count96
\dspbrk@lvl=\count97
\tag@help=\toks16
\row@=\count98
\column@=\count99
\maxfields@=\count100
\andhelp@=\toks17
\eqnshift@=\dimen108
\alignsep@=\dimen109
\tagshift@=\dimen110
\tagwidth@=\dimen111
\totwidth@=\dimen112
\lineht@=\dimen113
\@envbody=\toks18
\multlinegap=\skip44
\multlinetaggap=\skip45
\mathdisplay@stack=\toks19
LaTeX Info: Redefining \[ on input line 2665.
LaTeX Info: Redefining \] on input line 2666.
) (/usr/local/texlive/2015basic/texmf-dist/tex/latex/tools/array.sty
Package: array 2014/10/28 v2.4c Tabular extension package (FMi)
\col@sep=\dimen114
\extrarowheight=\dimen115
\NC@list=\toks20
\extratabsurround=\skip46
\backup@length=\skip47
) (/usr/local/texlive/2015basic/texmf-dist/tex/latex/natbib/natbib.sty
Package: natbib 2010/09/13 8.31b (PWD, AO)
\bibhang=\skip48
\bibsep=\skip49
LaTeX Info: Redefining \cite on input line 694.
\c@NAT@ctr=\count101
) (/usr/local/texlive/2015basic/texmf-dist/tex/latex/hyperref/hyperref.sty
Package: hyperref 2012/11/06 v6.83m Hypertext links for LaTeX
 (/usr/local/texlive/2015basic/texmf-dist/tex/generic/oberdiek/hobsub-hyperref.sty
Package: hobsub-hyperref 2012/05/28 v1.13 Bundle oberdiek, subset hyperref (HO)
 (/usr/local/texlive/2015basic/texmf-dist/tex/generic/oberdiek/hobsub-generic.sty
Package: hobsub-generic 2012/05/28 v1.13 Bundle oberdiek, subset generic (HO)
Package: hobsub 2012/05/28 v1.13 Construct package bundles (HO)
Package hobsub Info: Skipping package `infwarerr' (already loaded).
Package hobsub Info: Skipping package `ltxcmds' (already loaded).
Package: ifluatex 2010/03/01 v1.3 Provides the ifluatex switch (HO)
Package ifluatex Info: LuaTeX not detected.
Package: ifvtex 2010/03/01 v1.5 Detect VTeX and its facilities (HO)
Package ifvtex Info: VTeX not detected.
Package: intcalc 2007/09/27 v1.1 Expandable calculations with integers (HO)
Package hobsub Info: Skipping package `ifpdf' (already loaded).
Package: etexcmds 2011/02/16 v1.5 Avoid name clashes with e-TeX commands (HO)
Package etexcmds Info: Could not find \expanded.
(etexcmds)             That can mean that you are not using pdfTeX 1.50 or
(etexcmds)             that some package has redefined \expanded.
(etexcmds)             In the latter case, load this package earlier.
Package: kvsetkeys 2012/04/25 v1.16 Key value parser (HO)
Package: kvdefinekeys 2011/04/07 v1.3 Define keys (HO)
Package: pdftexcmds 2011/11/29 v0.20 Utility functions of pdfTeX for LuaTeX (HO)
Package pdftexcmds Info: LuaTeX not detected.
Package pdftexcmds Info: \pdf@primitive is available.
Package pdftexcmds Info: \pdf@ifprimitive is available.
Package pdftexcmds Info: \pdfdraftmode found.
Package: pdfescape 2011/11/25 v1.13 Implements pdfTeX's escape features (HO)
Package: bigintcalc 2012/04/08 v1.3 Expandable calculations on big integers (HO)
Package: bitset 2011/01/30 v1.1 Handle bit-vector datatype (HO)
Package: uniquecounter 2011/01/30 v1.2 Provide unlimited unique counter (HO)
)
Package hobsub Info: Skipping package `hobsub' (already loaded).
Package: letltxmacro 2010/09/02 v1.4 Let assignment for LaTeX macros (HO)
Package: hopatch 2012/05/28 v1.2 Wrapper for package hooks (HO)
Package: xcolor-patch 2011/01/30 xcolor patch
Package: atveryend 2011/06/30 v1.8 Hooks at the very end of document (HO)
Package atveryend Info: \enddocument detected (standard20110627).
Package hobsub Info: Skipping package `atbegshi' (already loaded).
Package: refcount 2011/10/16 v3.4 Data extraction from label references (HO)
Package: hycolor 2011/01/30 v1.7 Color options for hyperref/bookmark (HO)
) (/usr/local/texlive/2015basic/texmf-dist/tex/generic/ifxetex/ifxetex.sty
Package: ifxetex 2010/09/12 v0.6 Provides ifxetex conditional
) (/usr/local/texlive/2015basic/texmf-dist/tex/latex/oberdiek/auxhook.sty
Package: auxhook 2011/03/04 v1.3 Hooks for auxiliary files (HO)
) (/usr/local/texlive/2015basic/texmf-dist/tex/latex/oberdiek/kvoptions.sty
Package: kvoptions 2011/06/30 v3.11 Key value format for package options (HO)
)
\@linkdim=\dimen116
\Hy@linkcounter=\count102
\Hy@pagecounter=\count103
 (/usr/local/texlive/2015basic/texmf-dist/tex/latex/hyperref/pd1enc.def
File: pd1enc.def 2012/11/06 v6.83m Hyperref: PDFDocEncoding definition (HO)
)
\Hy@SavedSpaceFactor=\count104
 (/usr/local/texlive/2015basic/texmf-dist/tex/latex/latexconfig/hyperref.cfg
File: hyperref.cfg 2002/06/06 v1.2 hyperref configuration of TeXLive
)
Package hyperref Info: Option `pageanchor' set `true' on input line 4319.
Package hyperref Info: Option `plainpages' set `false' on input line 4319.
Package hyperref Info: Option `pdfpagelabels' set `true' on input line 4319.
Package hyperref Info: Option `bookmarks' set `true' on input line 4319.
Package hyperref Info: Option `bookmarksnumbered' set `true' on input line 4319.
Package hyperref Info: Hyper figures OFF on input line 4443.
Package hyperref Info: Link nesting OFF on input line 4448.
Package hyperref Info: Hyper index ON on input line 4451.
Package hyperref Info: Plain pages OFF on input line 4458.
Package hyperref Info: Backreferencing ON on input line 4461.
Package hyperref Info: Implicit mode ON; LaTeX internals redefined.
Package hyperref Info: Bookmarks ON on input line 4688.
 (/usr/local/texlive/2015basic/texmf-dist/tex/latex/hyperref/backref.sty
Package: backref 2012/07/25 v1.38 Bibliographical back referencing
 (/usr/local/texlive/2015basic/texmf-dist/tex/latex/oberdiek/rerunfilecheck.sty
Package: rerunfilecheck 2011/04/15 v1.7 Rerun checks for auxiliary files (HO)
Package uniquecounter Info: New unique counter `rerunfilecheck' on input line 282.
))
\c@Hy@tempcnt=\count105
 (/usr/local/texlive/2015basic/texmf-dist/tex/latex/url/url.sty
\Urlmuskip=\muskip11
Package: url 2013/09/16  ver 3.4  Verb mode for urls, etc.
)
LaTeX Info: Redefining \url on input line 5041.
\XeTeXLinkMargin=\dimen117
\Fld@menulength=\count106
\Field@Width=\dimen118
\Fld@charsize=\dimen119
Package hyperref Info: Hyper figures OFF on input line 6295.
Package hyperref Info: Link nesting OFF on input line 6300.
Package hyperref Info: Hyper index ON on input line 6303.
Package hyperref Info: backreferencing ON on input line 6308.
Package hyperref Info: Link coloring OFF on input line 6315.
Package hyperref Info: Link coloring with OCG OFF on input line 6320.
Package hyperref Info: PDF/A mode OFF on input line 6325.
LaTeX Info: Redefining \ref on input line 6365.
LaTeX Info: Redefining \pageref on input line 6369.
\Hy@abspage=\count107
\c@Item=\count108
\c@Hfootnote=\count109
)

Package hyperref Message: Driver (autodetected): hpdftex.

(/usr/local/texlive/2015basic/texmf-dist/tex/latex/hyperref/hpdftex.def
File: hpdftex.def 2012/11/06 v6.83m Hyperref driver for pdfTeX
\Fld@listcount=\count110
\c@bookmark@seq@number=\count111
\Hy@SectionHShift=\skip50
) (/usr/local/texlive/2015basic/texmf-dist/tex/latex/subfigure/subfigure.sty
Package: subfigure 2002/03/15 v2.1.5 subfigure package
\subfigtopskip=\skip51
\subfigcapskip=\skip52
\subfigcaptopadj=\dimen120
\subfigbottomskip=\skip53
\subfigcapmargin=\dimen121
\subfiglabelskip=\skip54
\c@subfigure=\count112
\c@lofdepth=\count113
\c@subtable=\count114
\c@lotdepth=\count115

****************************************
* Local config file subfigure.cfg used *
****************************************
(/usr/local/texlive/2015basic/texmf-dist/tex/latex/subfigure/subfigure.cfg)
\subfig@top=\skip55
\subfig@bottom=\skip56
) (/usr/local/texlive/2015basic/texmf-dist/tex/latex/geometry/geometry.sty
Package: geometry 2010/09/12 v5.6 Page Geometry
\Gm@cnth=\count116
\Gm@cntv=\count117
\c@Gm@tempcnt=\count118
\Gm@bindingoffset=\dimen122
\Gm@wd@mp=\dimen123
\Gm@odd@mp=\dimen124
\Gm@even@mp=\dimen125
\Gm@layoutwidth=\dimen126
\Gm@layoutheight=\dimen127
\Gm@layouthoffset=\dimen128
\Gm@layoutvoffset=\dimen129
\Gm@dimlist=\toks21
) (/Users/xiangchen/Dropbox/PhDThesis/proposal/.texpadtmp/chen_thesis_proposal.aux)
\openout1 = `chen_thesis_proposal.aux'.

LaTeX Font Info:    Checking defaults for OML/cmm/m/it on input line 52.
LaTeX Font Info:    ... okay on input line 52.
LaTeX Font Info:    Checking defaults for T1/cmr/m/n on input line 52.
LaTeX Font Info:    ... okay on input line 52.
LaTeX Font Info:    Checking defaults for OT1/cmr/m/n on input line 52.
LaTeX Font Info:    ... okay on input line 52.
LaTeX Font Info:    Checking defaults for OMS/cmsy/m/n on input line 52.
LaTeX Font Info:    ... okay on input line 52.
LaTeX Font Info:    Checking defaults for OMX/cmex/m/n on input line 52.
LaTeX Font Info:    ... okay on input line 52.
LaTeX Font Info:    Checking defaults for U/cmr/m/n on input line 52.
LaTeX Font Info:    ... okay on input line 52.
LaTeX Font Info:    Checking defaults for PD1/pdf/m/n on input line 52.
LaTeX Font Info:    ... okay on input line 52.
LaTeX Font Info:    Try loading font information for OT1+ptm on input line 52.
 (/usr/local/texlive/2015basic/texmf-dist/tex/latex/psnfss/ot1ptm.fd
File: ot1ptm.fd 2001/06/04 font definitions for OT1/ptm.
) (/usr/local/texlive/2015basic/texmf-dist/tex/context/base/supp-pdf.mkii
[Loading MPS to PDF converter (version 2006.09.02).]
\scratchcounter=\count119
\scratchdimen=\dimen130
\scratchbox=\box30
\nofMPsegments=\count120
\nofMParguments=\count121
\everyMPshowfont=\toks22
\MPscratchCnt=\count122
\MPscratchDim=\dimen131
\MPnumerator=\count123
\makeMPintoPDFobject=\count124
\everyMPtoPDFconversion=\toks23
) (/usr/local/texlive/2015basic/texmf-dist/tex/latex/oberdiek/epstopdf-base.sty
Package: epstopdf-base 2010/02/09 v2.5 Base part for package epstopdf
 (/usr/local/texlive/2015basic/texmf-dist/tex/latex/oberdiek/grfext.sty
Package: grfext 2010/08/19 v1.1 Manage graphics extensions (HO)
)
Package grfext Info: Graphics extension search list:
(grfext)             [.png,.pdf,.jpg,.mps,.jpeg,.jbig2,.jb2,.PNG,.PDF,.JPG,.JPEG,.JBIG2,.JB2,.eps]
(grfext)             \AppendGraphicsExtensions on input line 452.
 (/usr/local/texlive/2015basic/texmf-dist/tex/latex/latexconfig/epstopdf-sys.cfg
File: epstopdf-sys.cfg 2010/07/13 v1.3 Configuration of (r)epstopdf for TeX Live
))
\AtBeginShipoutBox=\box31
Package backref Info: ** backref set up for natbib ** on input line 52.
Package hyperref Info: Link coloring OFF on input line 52.
 (/usr/local/texlive/2015basic/texmf-dist/tex/latex/hyperref/nameref.sty
Package: nameref 2012/10/27 v2.43 Cross-referencing by name of section
 (/usr/local/texlive/2015basic/texmf-dist/tex/generic/oberdiek/gettitlestring.sty
Package: gettitlestring 2010/12/03 v1.4 Cleanup title references (HO)
)
\c@section@level=\count125
)
LaTeX Info: Redefining \ref on input line 52.
LaTeX Info: Redefining \pageref on input line 52.
LaTeX Info: Redefining \nameref on input line 52.
 (/Users/xiangchen/Dropbox/PhDThesis/proposal/.texpadtmp/chen_thesis_proposal.out) (/Users/xiangchen/Dropbox/PhDThesis/proposal/.texpadtmp/chen_thesis_proposal.out)
\@outlinefile=\write3
\openout3 = `chen_thesis_proposal.out'.


*geometry* driver: auto-detecting
*geometry* detected driver: pdftex
*geometry* verbose mode - [ preamble ] result:
* driver: pdftex
* paper: letterpaper
* layout: <same size as paper>
* layoutoffset:(h,v)=(0.0pt,0.0pt)
* hratio: 1:1
* modes: twoside 
* h-part:(L,W,R)=(76.78688pt, 460.72124pt, 76.78688pt)
* v-part:(T,H,B)=(63.59662pt, 635.97841pt, 95.39496pt)
* \paperwidth=614.295pt
* \paperheight=794.96999pt
* \textwidth=460.72124pt
* \textheight=635.97841pt
* \oddsidemargin=4.51689pt
* \evensidemargin=4.51689pt
* \topmargin=-40.54716pt
* \headheight=12.0pt
* \headsep=19.8738pt
* \topskip=12.0pt
* \footskip=30.0pt
* \marginparwidth=0.0pt
* \marginparsep=0.0pt
* \columnsep=10.0pt
* \skip\footins=10.8pt plus 4.0pt minus 2.0pt
* \hoffset=0.0pt
* \voffset=0.0pt
* \mag=1000
* \@twocolumnfalse
* \@twosidetrue
* \@mparswitchtrue
* \@reversemarginfalse
* (1in=72.27pt=25.4mm, 1cm=28.453pt)

\@cutoutvskip=\skip57
LaTeX Font Info:    Font shape `OT1/ptm/bx/n' in size <17.28> not available
(Font)              Font shape `OT1/ptm/b/n' tried instead on input line 81.
LaTeX Font Info:    Font shape `OT1/ptm/bx/n' in size <12> not available
(Font)              Font shape `OT1/ptm/b/n' tried instead on input line 81.
LaTeX Font Info:    Try loading font information for OMS+ptm on input line 81.
(/usr/local/texlive/2015basic/texmf-dist/tex/latex/psnfss/omsptm.fd
File: omsptm.fd 
)
LaTeX Font Info:    Font shape `OMS/ptm/m/n' in size <10.95> not available
(Font)              Font shape `OMS/cmsy/m/n' tried instead on input line 81.
 [1{/usr/local/texlive/2015basic/texmf-var/fonts/map/pdftex/updmap/pdftex.map}


] [2

] [3


] [4


]
LaTeX Font Info:    Font shape `OT1/ptm/bx/n' in size <14.4> not available
(Font)              Font shape `OT1/ptm/b/n' tried instead on input line 91.
 [5] [6


] [7] [8


]
LaTeX Font Info:    Font shape `OT1/ptm/bx/n' in size <24.88> not available
(Font)              Font shape `OT1/ptm/b/n' tried instead on input line 108.
 (/Users/xiangchen/Dropbox/PhDThesis/proposal/.texpadtmp/chen_thesis_proposal.toc [9])
\tf@toc=\write4
\openout4 = `chen_thesis_proposal.toc'.

 [10] (/Users/xiangchen/Dropbox/PhDThesis/proposal/.texpadtmp/chen_thesis_proposal.lof
Missing character: There is no ‚ in font ptmr7t!
Missing character: There is no Ä in font ptmr7t!
Missing character: There is no ú in font ptmr7t!
Missing character: There is no ‚ in font ptmr7t!
Missing character: There is no Ä in font ptmr7t!
Missing character: There is no ù in font ptmr7t!

Underfull \vbox (badness 7344) has occurred while \output is active []

 [11

]
Underfull \vbox (badness 1308) has occurred while \output is active []

 [12])
\tf@lof=\write5
\openout5 = `chen_thesis_proposal.lof'.

 [13] [14

] (/Users/xiangchen/Dropbox/PhDThesis/proposal/.texpadtmp/chen_thesis_proposal.lot)
\tf@lot=\write6
\openout6 = `chen_thesis_proposal.lot'.

 [15] [16

] (./introduction.tex
Chapter 1.
LaTeX Font Info:    Try loading font information for OT1+pcr on input line 4.
(/usr/local/texlive/2015basic/texmf-dist/tex/latex/psnfss/ot1pcr.fd
File: ot1pcr.fd 2001/06/04 font definitions for OT1/pcr.
) [1

] [2]) (./relatedwork.tex [3] [4

]
Chapter 2.

Overfull \hbox (30.6981pt too wide) in paragraph at lines 7--8
\OT1/ptm/m/n/12 The first 3D print-ing con-cept was pub-lished in 1981 by Hideo Ko-dama (http://www.avplastics.co.uk/3d-
 []

[5] [6] [7]
Underfull \hbox (badness 10000) in paragraph at lines 47--47
[][][]\OT1/ptm/m/n/10 http://www.3ders.org//articles/20160516-polymaker-unveils-pc-max-their-strongest-3d-printing-filament-for-
 []

[8] [9]
Underfull \vbox (badness 2158) has occurred while \output is active []

 [10] [11]) (./encore.tex [12] [13] [14

]
Chapter 3.
<figures/encore_overview.pdf, id=652, 733.29959pt x 411.939pt>
File: figures/encore_overview.pdf Graphic file (type pdf)
 <use figures/encore_overview.pdf>
Package pdftex.def Info: figures/encore_overview.pdf used on input line 10.
(pdftex.def)             Requested size: 368.57838pt x 207.0564pt.
 [15] <figures/encore_workflow.pdf, id=660, 722.7pt x 82.8696pt>
File: figures/encore_workflow.pdf Graphic file (type pdf)
 <use figures/encore_workflow.pdf>
Package pdftex.def Info: figures/encore_workflow.pdf used on input line 19.
(pdftex.def)             Requested size: 460.72124pt x 52.82896pt.
Missing character: There is no ‚ in font ptmr7t!
Missing character: There is no Ñ in font ptmr7t!
Missing character: There is no ¢ in font ptmr7t!
 [16 <./figures/encore_overview.pdf> <./figures/encore_workflow.pdf>] [17] <figures/encore_techniques.pdf, id=707, 730.4088pt x 412.90259pt>
File: figures/encore_techniques.pdf Graphic file (type pdf)
 <use figures/encore_techniques.pdf>
Package pdftex.def Info: figures/encore_techniques.pdf used on input line 45.
(pdftex.def)             Requested size: 368.57838pt x 208.35349pt.
Missing character: There is no ‚ in font ptmr7t!
Missing character: There is no Ä in font ptmr7t!
Missing character: There is no ú in font ptmr7t!
Missing character: There is no ‚ in font ptmr7t!
Missing character: There is no Ä in font ptmr7t!
Missing character: There is no ù in font ptmr7t!
Missing character: There is no ‚ in font ptmr7t!
Missing character: There is no Ä in font ptmr7t!
Missing character: There is no ú in font ptmr7t!
Missing character: There is no ‚ in font ptmr7t!
Missing character: There is no Ä in font ptmr7t!
Missing character: There is no ù in font ptmr7t!
 [18 <./figures/encore_techniques.pdf>]
Missing character: There is no ‚ in font ptmr7t!
Missing character: There is no Ä in font ptmr7t!
Missing character: There is no ò in font ptmr7t!
 <figures/encore-printthru.pdf, id=737, 560.81517pt x 156.10321pt>
File: figures/encore-printthru.pdf Graphic file (type pdf)
 <use figures/encore-printthru.pdf>
Package pdftex.def Info: figures/encore-printthru.pdf used on input line 65.
(pdftex.def)             Requested size: 368.57838pt x 102.59253pt.
 [19 <./figures/encore-printthru.pdf>] [20]
Missing character: There is no ‚ in font ptmr7t!
Missing character: There is no Ä in font ptmr7t!
Missing character: There is no ò in font ptmr7t!
Missing character: There is no ‚ in font ptmr7t!
Missing character: There is no Ä in font ptmr7t!
Missing character: There is no ò in font ptmr7t!
Missing character: There is no ‚ in font ptmr7t!
Missing character: There is no Ä in font ptmr7t!
Missing character: There is no ì in font ptmr7t!
 <figures/encore_interlockable.pdf, id=779, 433.62pt x 119.9682pt>
File: figures/encore_interlockable.pdf Graphic file (type pdf)
 <use figures/encore_interlockable.pdf>
Package pdftex.def Info: figures/encore_interlockable.pdf used on input line 103.
(pdftex.def)             Requested size: 345.54092pt x 95.6049pt.
 [21 <./figures/encore_interlockable.pdf>]
Missing character: There is no ‚ in font ptmr7t!
Missing character: There is no Ä in font ptmr7t!
Missing character: There is no ò in font ptmr7t!
Missing character: There is no ‚ in font ptmr7t!
Missing character: There is no Ä in font ptmr7t!
Missing character: There is no ì in font ptmr7t!
 [22] [23]
Missing character: There is no ‚ in font ptmr7t!
Missing character: There is no Ä in font ptmr7t!
Missing character: There is no ò in font ptmr7t!
 [24] <figures/encore_visualization.pdf, id=846, 578.16pt x 657.95813pt>
File: figures/encore_visualization.pdf Graphic file (type pdf)
 <use figures/encore_visualization.pdf>
Package pdftex.def Info: figures/encore_visualization.pdf used on input line 160.
(pdftex.def)             Requested size: 276.43555pt x 314.58144pt.
 [25 <./figures/encore_visualization.pdf>] <figures/encore_feedback.pdf, id=879, 368.57701pt x 101.6598pt>
File: figures/encore_feedback.pdf Graphic file (type pdf)
 <use figures/encore_feedback.pdf>
Package pdftex.def Info: figures/encore_feedback.pdf used on input line 175.
(pdftex.def)             Requested size: 345.54092pt x 95.30891pt.
 <figures/encore_interaction.pdf, id=880, 722.7pt x 237.5274pt>
File: figures/encore_interaction.pdf Graphic file (type pdf)
 <use figures/encore_interaction.pdf>
Package pdftex.def Info: figures/encore_interaction.pdf used on input line 181.
(pdftex.def)             Requested size: 368.57838pt x 121.14099pt.


LaTeX Warning: `h' float specifier changed to `ht'.

[26 <./figures/encore_feedback.pdf>] <figures/encore_support.pdf, id=909, 730.4088pt x 203.3196pt>
File: figures/encore_support.pdf Graphic file (type pdf)
 <use figures/encore_support.pdf>
Package pdftex.def Info: figures/encore_support.pdf used on input line 197.
(pdftex.def)             Requested size: 414.6463pt x 115.4218pt.
 [27 <./figures/encore_interaction.pdf> <./figures/encore_support.pdf

pdfTeX warning: /usr/local/texlive/2015basic/bin/universal-darwin/pdflatex (file ./figures/encore_support.pdf): PDF inclusion: multiple pdfs with page group included in a single page
>] [28]
LaTeX Font Info:    Font shape `OT1/ptm/bx/n' in size <10.95> not available
(Font)              Font shape `OT1/ptm/b/n' tried instead on input line 244.

Overfull \hbox (1.269pt too wide) in paragraph at lines 242--251
 [][] 
 []


Overfull \hbox (1.269pt too wide) in paragraph at lines 258--267
 [][] 
 []

[29]
Missing character: There is no ‚ in font ptmr7t!
Missing character: There is no Ä in font ptmr7t!
Missing character: There is no ú in font ptmr7t!
Missing character: There is no ‚ in font ptmr7t!
Missing character: There is no Ä in font ptmr7t!
Missing character: There is no ù in font ptmr7t!

Overfull \hbox (2.38739pt too wide) in paragraph at lines 276--277
[]\OT1/ptm/m/n/12 To bet-ter un-der-stand the trade-offs, we con-ducted an-other eval-u-a-tion to test the gen-eral strength
 []

Missing character: There is no ‚ in font ptmr7t!
Missing character: There is no Ä in font ptmr7t!
Missing character: There is no ì in font ptmr7t!
[30] <figures/encore_evaluation_scene.pdf, id=995, 722.7pt x 281.85298pt>
File: figures/encore_evaluation_scene.pdf Graphic file (type pdf)
 <use figures/encore_evaluation_scene.pdf>
Package pdftex.def Info: figures/encore_evaluation_scene.pdf used on input line 299.
(pdftex.def)             Requested size: 414.6463pt x 161.71155pt.
 <figures/encore_evaluation_results.pdf, id=999, 722.7pt x 148.3944pt>
File: figures/encore_evaluation_results.pdf Graphic file (type pdf)
 <use figures/encore_evaluation_results.pdf>
Package pdftex.def Info: figures/encore_evaluation_results.pdf used on input line 307.
(pdftex.def)             Requested size: 460.72124pt x 94.60074pt.


LaTeX Warning: `h' float specifier changed to `ht'.

Missing character: There is no ‚ in font ptmr7t!
Missing character: There is no Ä in font ptmr7t!
Missing character: There is no ò in font ptmr7t!
[31 <./figures/encore_evaluation_scene.pdf>] [32 <./figures/encore_evaluation_results.pdf>]
Missing character: There is no ‚ in font ptmr7t!
Missing character: There is no Ä in font ptmr7t!
Missing character: There is no ì in font ptmr7t!
) (./reprise.tex [33] [34

]
Chapter 4.
[35] <figures/reprise_scenarios_v1.pdf, id=1090, 722.7pt x 332.44202pt>
File: figures/reprise_scenarios_v1.pdf Graphic file (type pdf)
 <use figures/reprise_scenarios_v1.pdf>
Package pdftex.def Info: figures/reprise_scenarios_v1.pdf used on input line 19.
(pdftex.def)             Requested size: 460.72124pt x 211.93024pt.
 <figures/reprise_existing_adaptations.pdf, id=1092, 368.57701pt x 90.5784pt>
File: figures/reprise_existing_adaptations.pdf Graphic file (type pdf)
 <use figures/reprise_existing_adaptations.pdf>
Package pdftex.def Info: figures/reprise_existing_adaptations.pdf used on input line 27.
(pdftex.def)             Requested size: 322.50345pt x 79.25865pt.


LaTeX Warning: `!h' float specifier changed to `!ht'.

[36 <./figures/reprise_scenarios_v1.pdf>] [37 <./figures/reprise_existing_adaptations.pdf>] <figures/reprise_adaptation_design_space_v2.pdf, id=1138, 853.26782pt x 1127.41196pt>
File: figures/reprise_adaptation_design_space_v2.pdf Graphic file (type pdf)
 <use figures/reprise_adaptation_design_space_v2.pdf>
Package pdftex.def Info: figures/reprise_adaptation_design_space_v2.pdf used on input line 49.
(pdftex.def)             Requested size: 414.6463pt x 547.86073pt.
 [38] [39 <./figures/reprise_adaptation_design_space_v2.pdf>] <figures/reprise_sys_overview_v1.pdf, id=1177, 867.24pt x 107.9232pt>
File: figures/reprise_sys_overview_v1.pdf Graphic file (type pdf)
 <use figures/reprise_sys_overview_v1.pdf>
Package pdftex.def Info: figures/reprise_sys_overview_v1.pdf used on input line 78.
(pdftex.def)             Requested size: 460.72124pt x 57.33405pt.

Underfull \vbox (badness 3386) has occurred while \output is active []

 [40 <./figures/reprise_sys_overview_v1.pdf>] <figures/reprise_grasp_v1.pdf, id=1205, 361.35pt x 111.7776pt>
File: figures/reprise_grasp_v1.pdf Graphic file (type pdf)
 <use figures/reprise_grasp_v1.pdf>
Package pdftex.def Info: figures/reprise_grasp_v1.pdf used on input line 92.
(pdftex.def)             Requested size: 345.54092pt x 106.88739pt.
 <figures/reprise_pushpull_v1.pdf, id=1208, 361.35pt x 111.7776pt>
File: figures/reprise_pushpull_v1.pdf Graphic file (type pdf)
 <use figures/reprise_pushpull_v1.pdf>
Package pdftex.def Info: figures/reprise_pushpull_v1.pdf used on input line 100.
(pdftex.def)             Requested size: 345.54092pt x 106.88739pt.


LaTeX Warning: `!h' float specifier changed to `!ht'.

<figures/reprise_rotate_v2.pdf, id=1211, 361.35pt x 111.7776pt>
File: figures/reprise_rotate_v2.pdf Graphic file (type pdf)
 <use figures/reprise_rotate_v2.pdf>
Package pdftex.def Info: figures/reprise_rotate_v2.pdf used on input line 109.
(pdftex.def)             Requested size: 345.54092pt x 106.88739pt.


LaTeX Warning: `!h' float specifier changed to `!ht'.

[41 <./figures/reprise_grasp_v1.pdf>] <figures/reprise_clutch_v1.pdf, id=1232, 361.35pt x 111.7776pt>
File: figures/reprise_clutch_v1.pdf Graphic file (type pdf)
 <use figures/reprise_clutch_v1.pdf>
Package pdftex.def Info: figures/reprise_clutch_v1.pdf used on input line 119.
(pdftex.def)             Requested size: 345.54092pt x 106.88739pt.
 <figures/reprise_joinseparate_v1.pdf, id=1233, 361.35pt x 111.7776pt>
File: figures/reprise_joinseparate_v1.pdf Graphic file (type pdf)
 <use figures/reprise_joinseparate_v1.pdf>
Package pdftex.def Info: figures/reprise_joinseparate_v1.pdf used on input line 125.
(pdftex.def)             Requested size: 345.54092pt x 106.88739pt.
 [42 <./figures/reprise_pushpull_v1.pdf> <./figures/reprise_rotate_v2.pdf>] <figures/reprise_wrapper_v1.pdf, id=1263, 361.35pt x 111.7776pt>
File: figures/reprise_wrapper_v1.pdf Graphic file (type pdf)
 <use figures/reprise_wrapper_v1.pdf>
Package pdftex.def Info: figures/reprise_wrapper_v1.pdf used on input line 137.
(pdftex.def)             Requested size: 345.54092pt x 106.88739pt.
 [43 <./figures/reprise_clutch_v1.pdf> <./figures/reprise_joinseparate_v1.pdf>] <figures/reprise_all_designs_v2.pdf, id=1308, 361.35pt x 340.1508pt>
File: figures/reprise_all_designs_v2.pdf Graphic file (type pdf)
 <use figures/reprise_all_designs_v2.pdf>
Package pdftex.def Info: figures/reprise_all_designs_v2.pdf used on input line 151.
(pdftex.def)             Requested size: 345.54092pt x 325.26944pt.


LaTeX Warning: `!h' float specifier changed to `!ht'.

<figures/reprise_split_v1.pdf, id=1318, 361.35pt x 111.7776pt>
File: figures/reprise_split_v1.pdf Graphic file (type pdf)
 <use figures/reprise_split_v1.pdf>
Package pdftex.def Info: figures/reprise_split_v1.pdf used on input line 166.
(pdftex.def)             Requested size: 345.54092pt x 106.88739pt.


LaTeX Warning: `!h' float specifier changed to `!ht'.

<figures/reprise_pipeclamp_v1.pdf, id=1321, 361.35pt x 227.40959pt>
File: figures/reprise_pipeclamp_v1.pdf Graphic file (type pdf)
 <use figures/reprise_pipeclamp_v1.pdf>
Package pdftex.def Info: figures/reprise_pipeclamp_v1.pdf used on input line 173.
(pdftex.def)             Requested size: 345.54092pt x 217.46057pt.


LaTeX Warning: `!h' float specifier changed to `!ht'.

<figures/reprise_beams_v1.pdf, id=1322, 361.35pt x 111.7776pt>
File: figures/reprise_beams_v1.pdf Graphic file (type pdf)
 <use figures/reprise_beams_v1.pdf>
Package pdftex.def Info: figures/reprise_beams_v1.pdf used on input line 180.
(pdftex.def)             Requested size: 345.54092pt x 106.88739pt.


LaTeX Warning: `!h' float specifier changed to `!ht'.

[44 <./figures/reprise_wrapper_v1.pdf>]
Underfull \vbox (badness 1072) has occurred while \output is active []

 [45 <./figures/reprise_all_designs_v2.pdf> <./figures/reprise_split_v1.pdf>] <figures/reprise_inaccessible_v1.pdf, id=1357, 361.35pt x 111.7776pt>
File: figures/reprise_inaccessible_v1.pdf Graphic file (type pdf)
 <use figures/reprise_inaccessible_v1.pdf>
Package pdftex.def Info: figures/reprise_inaccessible_v1.pdf used on input line 189.
(pdftex.def)             Requested size: 345.54092pt x 106.88739pt.


LaTeX Warning: `!h' float specifier changed to `!ht'.

[46 <./figures/reprise_pipeclamp_v1.pdf> <./figures/reprise_beams_v1.pdf>] <figures/reprise_hand_measuring_v1.pdf, id=1401, 361.35pt x 155.1396pt>
File: figures/reprise_hand_measuring_v1.pdf Graphic file (type pdf)
 <use figures/reprise_hand_measuring_v1.pdf>
Package pdftex.def Info: figures/reprise_hand_measuring_v1.pdf used on input line 201.
(pdftex.def)             Requested size: 414.6463pt x 178.02327pt.

Underfull \vbox (badness 1527) has occurred while \output is active []

 [47 <./figures/reprise_inaccessible_v1.pdf> <./figures/reprise_hand_measuring_v1.pdf>] <figures/reprise_wrapper_results_v1.pdf, id=1444, 361.35pt x 227.40959pt>
File: figures/reprise_wrapper_results_v1.pdf Graphic file (type pdf)
 <use figures/reprise_wrapper_results_v1.pdf>
Package pdftex.def Info: figures/reprise_wrapper_results_v1.pdf used on input line 225.
(pdftex.def)             Requested size: 345.54092pt x 217.46057pt.


LaTeX Warning: `!h' float specifier changed to `!ht'.

<figures/reprise_handle_results_v1.pdf, id=1451, 361.35pt x 226.446pt>
File: figures/reprise_handle_results_v1.pdf Graphic file (type pdf)
 <use figures/reprise_handle_results_v1.pdf>
Package pdftex.def Info: figures/reprise_handle_results_v1.pdf used on input line 241.
(pdftex.def)             Requested size: 345.54092pt x 216.53912pt.


LaTeX Warning: `!h' float specifier changed to `!ht'.

[48] <figures/reprise_lever_results_v1.pdf, id=1463, 361.35pt x 111.7776pt>
File: figures/reprise_lever_results_v1.pdf Graphic file (type pdf)
 <use figures/reprise_lever_results_v1.pdf>
Package pdftex.def Info: figures/reprise_lever_results_v1.pdf used on input line 254.
(pdftex.def)             Requested size: 345.54092pt x 106.88739pt.


LaTeX Warning: `!h' float specifier changed to `!ht'.

[49 <./figures/reprise_wrapper_results_v1.pdf> <./figures/reprise_handle_results_v1.pdf>] <figures/reprise_anchor_results_v1.pdf, id=1495, 361.35pt x 401.3394pt>
File: figures/reprise_anchor_results_v1.pdf Graphic file (type pdf)
 <use figures/reprise_anchor_results_v1.pdf>
Package pdftex.def Info: figures/reprise_anchor_results_v1.pdf used on input line 265.
(pdftex.def)             Requested size: 322.50345pt x 358.19525pt.
 <figures/reprise_guide_results_v1.pdf, id=1501, 361.35pt x 111.7776pt>
File: figures/reprise_guide_results_v1.pdf Graphic file (type pdf)
 <use figures/reprise_guide_results_v1.pdf>
Package pdftex.def Info: figures/reprise_guide_results_v1.pdf used on input line 278.
(pdftex.def)             Requested size: 345.54092pt x 106.88739pt.


LaTeX Warning: `!h' float specifier changed to `!ht'.

<figures/reprise_combine_adaptations_v1.pdf, id=1507, 361.35pt x 147.4308pt>
File: figures/reprise_combine_adaptations_v1.pdf Graphic file (type pdf)
 <use figures/reprise_combine_adaptations_v1.pdf>
Package pdftex.def Info: figures/reprise_combine_adaptations_v1.pdf used on input line 293.
(pdftex.def)             Requested size: 460.72124pt x 187.97514pt.


LaTeX Warning: `!h' float specifier changed to `!ht'.

[50 <./figures/reprise_lever_results_v1.pdf>] [51 <./figures/reprise_anchor_results_v1.pdf> <./figures/reprise_guide_results_v1.pdf>]) (./mashup.tex [52 <./figures/reprise_combine_adaptations_v1.pdf>]
Chapter 5.
[53

] [54] [55] [56]

Package amsmath Warning: Foreign command \over;
(amsmath)                \frac or \genfrac should be used instead
(amsmath)                 on input line 89.

[57]) (./divje.tex [58]
Chapter 6.
) (./conclusion.tex [59

] [60

]
Chapter 7.
) [61] [62

] (/Users/xiangchen/Dropbox/PhDThesis/proposal/.texpadtmp/chen_thesis_proposal.bbl (/Users/xiangchen/Dropbox/PhDThesis/proposal/.texpadtmp/chen_thesis_proposal.brf)
\tf@brf=\write7
\openout7 = `chen_thesis_proposal.brf'.


Underfull \vbox (badness 10000) has occurred while \output is active []

 [63

]
Underfull \vbox (badness 10000) has occurred while \output is active []

 [64]
Underfull \vbox (badness 10000) has occurred while \output is active []

 [65]
Underfull \vbox (badness 10000) has occurred while \output is active []

 [66]
Underfull \vbox (badness 10000) has occurred while \output is active []

 [67])
Package atveryend Info: Empty hook `BeforeClearDocument' on input line 158.
 [68]
Package atveryend Info: Empty hook `AfterLastShipout' on input line 158.
 (/Users/xiangchen/Dropbox/PhDThesis/proposal/.texpadtmp/chen_thesis_proposal.aux)
Package atveryend Info: Executing hook `AtVeryEndDocument' on input line 158.
Package atveryend Info: Executing hook `AtEndAfterFileList' on input line 158.
Package rerunfilecheck Info: File `chen_thesis_proposal.out' has not changed.
(rerunfilecheck)             Checksum: <no file>.
Package rerunfilecheck Info: File `chen_thesis_proposal.brf' has not changed.
(rerunfilecheck)             Checksum: <no file>.
Package atveryend Info: Empty hook `AtVeryVeryEnd' on input line 158.
 ) 
Here is how much of TeX's memory you used:
 8477 strings out of 494501
 130097 string characters out of 6167030
 224062 words of memory out of 5000000
 11288 multiletter control sequences out of 15000+600000
 32596 words of font info for 69 fonts, out of 8000000 for 9000
 319 hyphenation exceptions out of 8191
 39i,17n,39p,1667b,567s stack positions out of 5000i,500n,10000p,200000b,80000s
{/usr/local/texlive/2015basic/texmf-dist/fonts/enc/dvips/base/8r.enc}</usr/local/texlive/2015basic/texmf-dist/fonts/type1/public/amsfonts/cm/cmmi10.pfb></usr/local/texlive/2015basic/texmf-dist/fonts/type1/public/amsfonts/cm/cmmi12.pfb></usr/local/texlive/2015basic/texmf-dist/fonts/type1/public/amsfonts/cm/cmmi8.pfb></usr/local/texlive/2015basic/texmf-dist/fonts/type1/public/amsfonts/cm/cmr10.pfb></usr/local/texlive/2015basic/texmf-dist/fonts/type1/public/amsfonts/cm/cmr12.pfb></usr/local/texlive/2015basic/texmf-dist/fonts/type1/public/amsfonts/cm/cmr8.pfb></usr/local/texlive/2015basic/texmf-dist/fonts/type1/public/amsfonts/cm/cmssbx10.pfb></usr/local/texlive/2015basic/texmf-dist/fonts/type1/public/amsfonts/cm/cmsy10.pfb></usr/local/texlive/2015basic/texmf-dist/fonts/type1/public/amsfonts/cm/cmsy8.pfb></usr/local/texlive/2015basic/texmf-dist/fonts/type1/urw/courier/ucrr8a.pfb></usr/local/texlive/2015basic/texmf-dist/fonts/type1/urw/times/utmb8a.pfb></usr/local/texlive/2015basic/texmf-dist/fonts/type1/urw/times/utmr8a.pfb></usr/local/texlive/2015basic/texmf-dist/fonts/type1/urw/times/utmri8a.pfb>
Output written on /Users/xiangchen/Dropbox/PhDThesis/proposal/.texpadtmp/chen_thesis_proposal.pdf (84 pages, 57253849 bytes).
PDF statistics:
 1854 PDF objects out of 2073 (max. 8388607)
 1419 compressed objects within 15 object streams
 295 named destinations out of 1000 (max. 500000)
 638 words of extra memory for PDF output out of 10000 (max. 10000000)

