This is pdfTeX, Version 3.14159265-2.6-1.40.16 (TeX Live 2015) (preloaded format=pdftex 2016.2.27)  25 SEP 2016 18:02
entering extended mode
 restricted \write18 enabled.
 file:line:error style messages enabled.
 %&-line parsing enabled.
**/Users/xiangchen/Dropbox/PhDThesis/proposal/references.bib
(/Users/xiangchen/Dropbox/PhDThesis/proposal/references.bib
Overfull \hbox (18.1616pt too wide) in paragraph at lines 1--9
[]\tenrm @inproceedingsschmidt2014branching, ti-tle=Branching sup-port struc-tures for 3D print-ing, au-thor=Schmidt,|

\hbox(6.94444+1.94444)x469.75499, glue set - 1.0
.\hbox(0.0+0.0)x20.0
.\tenrm @
.\tenrm i
.\tenrm n
.\tenrm p
.etc.


Overfull \hbox (0.66168pt too wide) in paragraph at lines 21--30
\tenrm thor=Umetani, Nobuyuki and Schmidt, Ryan, jour-nal=SIGGRAPH Asia, vol-ume=5, pages=1--4, year=2013,|

\hbox(6.94444+1.94444)x469.75499, glue set - 1.0
.\tenrm t
.\tenrm h
.\tenrm o
.\tenrm r
.\tenrm =
.etc.


Overfull \hbox (6.46817pt too wide) in paragraph at lines 60--68
[]\tenrm @inproceedingsbrockmeyer2013papillon, ti-tle=PAPILLON: de-sign-ing curved dis-play sur-faces with printed|

\hbox(6.94444+1.94444)x469.75499, glue set - 1.0
.\hbox(0.0+0.0)x20.0
.\tenrm @
.\tenrm i
.\tenrm n
.\tenrm p
.etc.

[1{/usr/local/texlive/2015basic/texmf-var/fonts/map/pdftex/updmap/pdftex.map}]
Overfull \hbox (20.55147pt too wide) in paragraph at lines 188--198
[]\tenrm @articleiarussi2015wrapit, ti-tle=WrapIt: computer-assisted craft-ing of wire wrapped jew-elry, au-thor=Iarussi,|

\hbox(6.94444+1.94444)x469.75499, glue set - 1.0
.\hbox(0.0+0.0)x20.0
.\tenrm @
.\tenrm a
.\tenrm r
.\tenrm t
.etc.


Overfull \hbox (11.99602pt too wide) in paragraph at lines 208--216
[]\tenrm @inproceedingspeng2016fly, title=On-The-Fly Print: In-cre-men-tal Print-ing While Mod-elling, au-thor=Peng,|

\hbox(6.94444+1.94444)x469.75499, glue set - 1.0
.\hbox(0.0+0.0)x20.0
.\tenrm @
.\tenrm i
.\tenrm n
.\tenrm p
.etc.


Overfull \hbox (14.885pt too wide) in paragraph at lines 217--225
\tenrm Koss-mann, Jan and Schnei-der, Max-i-m-il-ian and Striebel, Jonathan and Baud-isch, Patrick, book-ti-tle=Proceedings|

\hbox(6.94444+1.94444)x469.75499, glue set - 1.0
.\tenrm K
.\tenrm o
.\tenrm s
.\tenrm s
.\discretionary
..\tenrm -
.etc.

[2]
Overfull \hbox (1.96814pt too wide) in paragraph at lines 371--381
[]\tenrm @articlebergen1997efficient, ti-tle=Efficient col-li-sion de-tec-tion of com-plex de-formable mod-els us-ing AABB|

\hbox(6.94444+1.94444)x469.75499, glue set - 1.0
.\hbox(0.0+0.0)x20.0
.\tenrm @
.\tenrm a
.\tenrm r
.\tenrm t
.etc.

[3]
Underfull \hbox (badness 10000) in paragraph at lines 429--439


\hbox(0.0+0.0)x469.75499
.\glue(\rightskip) 0.0


Overfull \hbox (12.9116pt too wide) in paragraph at lines 440--446
[]\tenrm @booktetelman1967fracture, ti-tle=Fracture of struc-tural ma-te-ri-als, au-thor=Tetelman, Alan S and McEvily,|

\hbox(6.94444+1.94444)x469.75499, glue set - 1.0
.\hbox(0.0+0.0)x20.0
.\tenrm @
.\tenrm b
.\kern0.27779
.\tenrm o
.etc.


Overfull \hbox (3.52254pt too wide) in paragraph at lines 470--478
[]\tenrm @inproceedingschen2015encore, ti-tle=Encore: 3D printed aug-men-ta-tion of ev-ery-day ob-jects with printed-|

\hbox(6.94444+1.94444)x469.75499, glue set - 1.0
.\hbox(0.0+0.0)x20.0
.\tenrm @
.\tenrm i
.\tenrm n
.\tenrm p
.etc.

/Users/xiangchen/Dropbox/PhDThesis/proposal/references.bib:484: Undefined control sequence.
l.484   note =         {\url
                            {http://www.cdc.gov/nchs/fastats/disability.htm}},
The control sequence at the end of the top line
of your error message was never \def'ed. If you have
misspelled it (e.g., `\hobx'), type `I' and the correct
spelling (e.g., `I\hbox'). Otherwise just continue,
and I'll forget about whatever was undefined.

/Users/xiangchen/Dropbox/PhDThesis/proposal/references.bib:491: Undefined control sequence.
l.491   note =         {\url
                            {http://www.thingiverse.com/}},
The control sequence at the end of the top line
of your error message was never \def'ed. If you have
misspelled it (e.g., `\hobx'), type `I' and the correct
spelling (e.g., `I\hbox'). Otherwise just continue,
and I'll forget about whatever was undefined.


Overfull \hbox (44.8571pt too wide) in paragraph at lines 487--493
[]\tenrm @onlinethingiverse, key = "Thin-gi-verse", au-thor = Thin-gi-verse, year = 2016, note = http://www.thingiverse.com/,|

\hbox(7.5+2.5)x469.75499, glue set - 1.0
.\hbox(0.0+0.0)x20.0
.\tenrm @
.\tenrm o
.\tenrm n
.\tenrm l
.etc.


Underfull \hbox (badness 10000) in paragraph at lines 487--493


\hbox(0.0+0.0)x469.75499
.\glue(\rightskip) 0.0

/Users/xiangchen/Dropbox/PhDThesis/proposal/references.bib:498: Undefined control sequence.
l.498   note =         {\url
                            {http://www.pinterest.com/}},
The control sequence at the end of the top line
of your error message was never \def'ed. If you have
misspelled it (e.g., `\hobx'), type `I' and the correct
spelling (e.g., `I\hbox'). Otherwise just continue,
and I'll forget about whatever was undefined.


Overfull \hbox (4.02364pt too wide) in paragraph at lines 494--500
[]\tenrm @onlinepinterest, key = "Pin-ter-est", au-thor = Pin-ter-est, year = 2016, note = http://www.pinterest.com/,|

\hbox(7.5+2.5)x469.75499, glue set - 1.0
.\hbox(0.0+0.0)x20.0
.\tenrm @
.\tenrm o
.\tenrm n
.\tenrm l
.etc.


Underfull \hbox (badness 10000) in paragraph at lines 494--500


\hbox(0.0+0.0)x469.75499
.\glue(\rightskip) 0.0

[4]
Overfull \hbox (4.85718pt too wide) in paragraph at lines 578--586
[]\tenrm @inproceedingshurst2013making, ti-tle=Making mak-ing ac-ces-si-ble, au-thor=Hurst, Amy and Kane, Shaun,|

\hbox(6.94444+1.94444)x469.75499, glue set - 1.0
.\hbox(0.0+0.0)x20.0
.\tenrm @
.\tenrm i
.\tenrm n
.\tenrm p
.etc.


Overfull \hbox (1.93932pt too wide) in paragraph at lines 587--595
[]\tenrm @inproceedingsbuehler2014coming, ti-tle=Coming to grips: 3D print-ing for ac-ces-si-bil-ity, au-thor=Buehler,|

\hbox(6.94444+1.94444)x469.75499, glue set - 1.0
.\hbox(0.0+0.0)x20.0
.\tenrm @
.\tenrm i
.\tenrm n
.\tenrm p
.etc.


Overfull \hbox (0.24605pt too wide) in paragraph at lines 630--636
\tenrm and gad-gets for liv-ing in-de-pen-dently, au-thor=Robitaille, Suzanne, year=2010, pub-lisher=ReadHowYouWant.|

\hbox(6.94444+1.94444)x469.75499, glue set - 1.0
.\tenrm a
.\tenrm n
.\tenrm d
.\glue 3.33333 plus 1.66666 minus 1.11111
.\tenrm g
.etc.


Overfull \hbox (32.66292pt too wide) in paragraph at lines 689--695
[]\tenrm @bookbendsoe2013topology, ti-tle=Topology op-ti-miza-tion: the-ory, meth-ods, and ap-pli-ca-tions, au-thor=Bendsoe,|

\hbox(6.94444+1.94444)x469.75499, glue set - 1.0
.\hbox(0.0+0.0)x20.0
.\tenrm @
.\tenrm b
.\kern0.27779
.\tenrm o
.etc.

[5]
Overfull \hbox (5.77374pt too wide) in paragraph at lines 707--715
[]\tenrm @inproceedingshorvitz1999principles, ti-tle=Principles of mixed-initiative user in-ter-faces, au-thor=Horvitz,|

\hbox(6.94444+1.94444)x469.75499, glue set - 1.0
.\hbox(0.0+0.0)x20.0
.\tenrm @
.\tenrm i
.\tenrm n
.\tenrm p
.etc.


Overfull \hbox (1.2865pt too wide) in paragraph at lines 707--715
\tenrm Eric, book-ti-tle=Proceedings of the SIGCHI con-fer-ence on Hu-man Fac-tors in Com-put-ing Sys-tems, pages=159--|

\hbox(6.94444+1.94444)x469.75499, glue set - 1.0
.\tenrm E
.\tenrm r
.\tenrm i
.\tenrm c
.\tenrm ,
.etc.


Overfull \hbox (23.27266pt too wide) in paragraph at lines 747--755
[]\tenrm @inproceedingsigarashi2007teddy, ti-tle=Teddy: a sketch-ing in-ter-face for 3D freeform de-sign, au-thor=Igarashi,|

\hbox(6.94444+1.94444)x469.75499, glue set - 1.0
.\hbox(0.0+0.0)x20.0
.\tenrm @
.\tenrm i
.\tenrm n
.\tenrm p
.etc.


Overfull \hbox (16.07954pt too wide) in paragraph at lines 756--766
\tenrm Ole, jour-nal=Structural and mul-ti-dis-ci-plinary op-ti-miza-tion, vol-ume=21, num-ber=2, pages=120--127, year=2001,|

\hbox(6.94444+1.94444)x469.75499, glue set - 1.0
.\tenrm O
.\tenrm l
.\tenrm e
.\tenrm ,
.\glue 3.33333 plus 2.08331 minus 0.88889
.etc.

/Users/xiangchen/Dropbox/PhDThesis/proposal/references.bib:846: Undefined control sequence.
l.846     howpublished = {\url
                              {http://en.wikipedia.org/w/index.php?title=Ste...
The control sequence at the end of the top line
of your error message was never \def'ed. If you have
misspelled it (e.g., `\hobx'), type `I' and the correct
spelling (e.g., `I\hbox'). Otherwise just continue,
and I'll forget about whatever was undefined.

/Users/xiangchen/Dropbox/PhDThesis/proposal/references.bib:846: Misplaced alignment tab character &.
l.846 ....org/w/index.php?title=Stereolithography&
                                                  oldid=725718453}},
I can't figure out why you would want to use a tab mark
here. If you just want an ampersand, the remedy is
simple: Just type `I\&' now. But if some right brace
up above has ended a previous alignment prematurely,
you're probably due for more error messages, and you
might try typing `S' now just to see what is salvageable.


Overfull \hbox (83.2186pt too wide) in paragraph at lines 842--849
\tenrm En-cy-clo-pe-dia", year = "2016", how-pub-lished = http://en.wikipedia.org/w/index.php?title=Stereolithographyoldid=725718453,|

\hbox(7.5+2.5)x469.75499, glue set - 1.0
.\tenrm E
.\tenrm n
.\discretionary
..\tenrm -
.\tenrm c
.\tenrm y
.etc.

[6]
/Users/xiangchen/Dropbox/PhDThesis/proposal/references.bib:860: Undefined control sequence.
l.860     howpublished = {\url
                              {http://en.wikipedia.org/w/index.php?title=Sel...
The control sequence at the end of the top line
of your error message was never \def'ed. If you have
misspelled it (e.g., `\hobx'), type `I' and the correct
spelling (e.g., `I\hbox'). Otherwise just continue,
and I'll forget about whatever was undefined.

/Users/xiangchen/Dropbox/PhDThesis/proposal/references.bib:860: Misplaced alignment tab character &.
l.860 ...hp?title=Selective\%20laser\%20sintering&
                                                  oldid=714526189}},
I can't figure out why you would want to use a tab mark
here. If you just want an ampersand, the remedy is
simple: Just type `I\&' now. But if some right brace
up above has ended a previous alignment prematurely,
you're probably due for more error messages, and you
might try typing `S' now just to see what is salvageable.


Overfull \hbox (103.74637pt too wide) in paragraph at lines 856--863
\tenrm pe-dia", year = "2016", how-pub-lished = http://en.wikipedia.org/w/index.php?title=Selective%20laser%20sinteringoldid=714526189,|

\hbox(7.5+2.5)x469.75499, glue set - 1.0
.\tenrm p
.\kern0.27779
.\tenrm e
.\discretionary
..\tenrm -
.\tenrm d
.etc.


Overfull \hbox (5.3849pt too wide) in paragraph at lines 864--872
\tenrm sem-bly, au-thor=Tang, Arthur and Owen, Charles and Biocca, Frank and Mou, Weimin, book-ti-tle=Proceedings|

\hbox(6.94444+1.94444)x469.75499, glue set - 1.0
.\tenrm s
.\tenrm e
.\discretionary replacing 2
..\tenrm m
..\tenrm -
.\tenrm m
.\kern-0.27779
.etc.

/Users/xiangchen/Dropbox/PhDThesis/proposal/references.bib:877: Undefined control sequence.
l.877    howpublished = {\url
                             {http://en.wikipedia.org/w/index.php?title=Fast...
The control sequence at the end of the top line
of your error message was never \def'ed. If you have
misspelled it (e.g., `\hobx'), type `I' and the correct
spelling (e.g., `I\hbox'). Otherwise just continue,
and I'll forget about whatever was undefined.

/Users/xiangchen/Dropbox/PhDThesis/proposal/references.bib:877: Misplaced alignment tab character &.
l.877 ...wikipedia.org/w/index.php?title=Fastener&
                                                  oldid=724820940}},
I can't figure out why you would want to use a tab mark
here. If you just want an ampersand, the remedy is
simple: Just type `I\&' now. But if some right brace
up above has ended a previous alignment prematurely,
you're probably due for more error messages, and you
might try typing `S' now just to see what is salvageable.


Overfull \hbox (21.07939pt too wide) in paragraph at lines 881--889
[]\tenrm @inproceedingsgao2015revomaker, ti-tle=RevoMaker: En-abling Multi-directional and Functionally-embedded|

\hbox(6.94444+1.94444)x469.75499, glue set - 1.0
.\hbox(0.0+0.0)x20.0
.\tenrm @
.\tenrm i
.\tenrm n
.\tenrm p
.etc.


Overfull \hbox (8.66264pt too wide) in paragraph at lines 905--915
[]\tenrm @articlebacher2014spin, title=Spin-it: op-ti-miz-ing mo-ment of in-er-tia for spinnable ob-jects, au-thor=B^^?acher,|

\hbox(6.94444+1.94444)x469.75499, glue set - 1.0
.\hbox(0.0+0.0)x20.0
.\tenrm @
.\tenrm a
.\tenrm r
.\tenrm t
.etc.

/Users/xiangchen/Dropbox/PhDThesis/proposal/references.bib:952: Undefined control sequence.
l.952    howpublished = {\url
                             {http://en.wikipedia.org/w/index.php?title=Fab\...
The control sequence at the end of the top line
of your error message was never \def'ed. If you have
misspelled it (e.g., `\hobx'), type `I' and the correct
spelling (e.g., `I\hbox'). Otherwise just continue,
and I'll forget about whatever was undefined.

/Users/xiangchen/Dropbox/PhDThesis/proposal/references.bib:952: Misplaced alignment tab character &.
l.952 ...ipedia.org/w/index.php?title=Fab\%40Home&
                                                  oldid=725172260}},
I can't figure out why you would want to use a tab mark
here. If you just want an ampersand, the remedy is
simple: Just type `I\&' now. But if some right brace
up above has ended a previous alignment prematurely,
you're probably due for more error messages, and you
might try typing `S' now just to see what is salvageable.


Overfull \hbox (21.21846pt too wide) in paragraph at lines 948--955
\tenrm dia", year = "2016", how-pub-lished = http://en.wikipedia.org/w/index.php?title=Fab%40Homeoldid=725172260,|

\hbox(7.5+2.5)x469.75499, glue set - 1.0
.\tenrm d
.\tenrm i
.\tenrm a
.\tenrm "
.\tenrm ,
.etc.


Overfull \hbox (0.25876pt too wide) in paragraph at lines 976--984
\tenrm SIGCHI con-fer-ence on Hu-man fac-tors in com-put-ing sys-tems, pages=525--532, year=1992, or-ga-ni-za-tion=ACM|

\hbox(6.94444+1.94444)x469.75499, glue set - 1.0
.\tenrm S
.\tenrm I
.\tenrm G
.\tenrm C
.\tenrm H
.etc.


Underfull \hbox (badness 10000) in paragraph at lines 976--984


\hbox(0.0+0.0)x469.75499
.\glue(\rightskip) 0.0

[7]
Overfull \hbox (18.2738pt too wide) in paragraph at lines 1024--1030
\tenrm te-nance in the in-dus-trial con-text, au-thor=Schwald, Bernd and De Laval, Blan-dine, year=2003, pub-lisher=UNION|

\hbox(6.94444+1.94444)x469.75499, glue set - 1.0
.\tenrm t
.\tenrm e
.\discretionary
..\tenrm -
.\tenrm n
.\tenrm a
.etc.

/Users/xiangchen/Dropbox/PhDThesis/proposal/references.bib:1040: Missing $ inserted.
<inserted text> 
                $
<to be read again> 
                   _
l.1040 @misc{wiki:Laminated_
                            objectmanufacturing,
I've inserted a begin-math/end-math symbol since I think
you left one out. Proceed, with fingers crossed.

/Users/xiangchen/Dropbox/PhDThesis/proposal/references.bib:1044: Undefined control sequence.
l.1044    howpublished = {\url
                              {http://en.wikipedia.org/w/index.php?title=Lam...
The control sequence at the end of the top line
of your error message was never \def'ed. If you have
misspelled it (e.g., `\hobx'), type `I' and the correct
spelling (e.g., `I\hbox'). Otherwise just continue,
and I'll forget about whatever was undefined.

/Users/xiangchen/Dropbox/PhDThesis/proposal/references.bib:1044: Misplaced alignment tab character &.
l.1044 ...le=Laminated\%20object\%20manufacturing&
                                                  oldid=686975516}},
I can't figure out why you would want to use a tab mark
here. If you just want an ampersand, the remedy is
simple: Just type `I\&' now. But if some right brace
up above has ended a previous alignment prematurely,
you're probably due for more error messages, and you
might try typing `S' now just to see what is salvageable.

/Users/xiangchen/Dropbox/PhDThesis/proposal/references.bib:1046: Extra }, or forgotten $.
l.1046  }
         
I've deleted a group-closing symbol because it seems to be
spurious, as in `$x}$'. But perhaps the } is legitimate and
you forgot something else, as in `\hbox{$x}'. In such cases
the way to recover is to insert both the forgotten and the
deleted material, e.g., by typing `I$}'.

/Users/xiangchen/Dropbox/PhDThesis/proposal/references.bib:1047: Missing $ inserted.
<inserted text> 
                $
<to be read again> 
                   \par 
l.1047 
       
I've inserted a begin-math/end-math symbol since I think
you left one out. Proceed, with fingers crossed.


Overfull \hbox (40.57199pt too wide) in paragraph at lines 1040--1047
[]\tenrm @miscwiki:Laminated$[]\teni bjectmanufacturing; author \tenrm = "\teni Wikipedia\tenrm "\teni ; title \tenrm = "[] \tensy ^^@|

\hbox(6.94444+1.94444)x469.75499, glue set - 1.0
.\hbox(0.0+0.0)x20.0
.\tenrm @
.\tenrm m
.\tenrm i
.\tenrm s
.etc.


Overfull \hbox (350.10048pt too wide) in paragraph at lines 1040--1047
\tensy ^^@ ^^@ \teni Wikipedia[]TheFreeEncyclopedia\tenrm "\teni ; year \tenrm = "2016"\teni ; howpublished \tenrm = []\teni ; note \tenrm =|

\hbox(7.5+2.5)x469.75499, glue set - 1.0
.\tensy ^^@
.\glue(\medmuskip) 2.22217 plus 1.11108 minus 2.22217
.\tensy ^^@
.\penalty 700
.\glue(\medmuskip) 2.22217 plus 1.11108 minus 2.22217
.etc.


Overfull \hbox (13.88258pt too wide) in paragraph at lines 1057--1065
[]\tenrm @inproceedingspeng2015layered, ti-tle=A lay-ered fab-ric 3D printer for soft in-ter-ac-tive ob-jects, au-thor=Peng,|

\hbox(6.94444+1.94444)x469.75499, glue set - 1.0
.\hbox(0.0+0.0)x20.0
.\tenrm @
.\tenrm i
.\tenrm n
.\tenrm p
.etc.

)
! Emergency stop.
<*> ...n/Dropbox/PhDThesis/proposal/references.bib
                                                  
*** (job aborted, no legal \end found)

!  ==> Fatal error occurred, no output PDF file produced!
